SF:/home/balaji/RustroverProjects/Titan/src/api/flight/flight_service.rs
FN:287,_RNCNCNvXs_NtNtNtCsI6NLFzJnY4_5poros3api6flight14flight_serviceNtB8_15LogFlightServerNtNtNtCshFOG5q1kqzQ_12arrow_flight3gen21flight_service_server13FlightService12list_flights00Be_
FN:324,_RNCNCNvXs_NtNtNtCsI6NLFzJnY4_5poros3api6flight14flight_serviceNtB8_15LogFlightServerNtNtNtCshFOG5q1kqzQ_12arrow_flight3gen21flight_service_server13FlightService6do_get00Be_
FN:329,_RNCNCNvXs_NtNtNtCsI6NLFzJnY4_5poros3api6flight14flight_serviceNtB8_15LogFlightServerNtNtNtCshFOG5q1kqzQ_12arrow_flight3gen21flight_service_server13FlightService6do_get0s_0Be_
FN:57,_RNCNvMNtNtNtCsI6NLFzJnY4_5poros3api6flight14flight_serviceNtB4_15LogFlightServer18create_flight_info0Ba_
FN:65,_RNCNvMNtNtNtCsI6NLFzJnY4_5poros3api6flight14flight_serviceNtB4_15LogFlightServer18create_flight_infos_0Ba_
FN:106,_RNCNvMNtNtNtCsI6NLFzJnY4_5poros3api6flight14flight_serviceNtB4_15LogFlightServer31encode_record_batch_flight_data0Ba_
FN:311,_RNCNvXs_NtNtNtCsI6NLFzJnY4_5poros3api6flight14flight_serviceNtB6_15LogFlightServerNtNtNtCshFOG5q1kqzQ_12arrow_flight3gen21flight_service_server13FlightService10get_schema0Bc_
FN:379,_RNCNvXs_NtNtNtCsI6NLFzJnY4_5poros3api6flight14flight_serviceNtB6_15LogFlightServerNtNtNtCshFOG5q1kqzQ_12arrow_flight3gen21flight_service_server13FlightService11do_exchange0Bc_
FN:394,_RNCNvXs_NtNtNtCsI6NLFzJnY4_5poros3api6flight14flight_serviceNtB6_15LogFlightServerNtNtNtCshFOG5q1kqzQ_12arrow_flight3gen21flight_service_server13FlightService12list_actions0Bc_
FN:281,_RNCNvXs_NtNtNtCsI6NLFzJnY4_5poros3api6flight14flight_serviceNtB6_15LogFlightServerNtNtNtCshFOG5q1kqzQ_12arrow_flight3gen21flight_service_server13FlightService12list_flights0Bc_
FN:297,_RNCNvXs_NtNtNtCsI6NLFzJnY4_5poros3api6flight14flight_serviceNtB6_15LogFlightServerNtNtNtCshFOG5q1kqzQ_12arrow_flight3gen21flight_service_server13FlightService15get_flight_info0Bc_
FN:304,_RNCNvXs_NtNtNtCsI6NLFzJnY4_5poros3api6flight14flight_serviceNtB6_15LogFlightServerNtNtNtCshFOG5q1kqzQ_12arrow_flight3gen21flight_service_server13FlightService16poll_flight_info0Bc_
FN:320,_RNCNvXs_NtNtNtCsI6NLFzJnY4_5poros3api6flight14flight_serviceNtB6_15LogFlightServerNtNtNtCshFOG5q1kqzQ_12arrow_flight3gen21flight_service_server13FlightService6do_get0Bc_
FN:367,_RNCNvXs_NtNtNtCsI6NLFzJnY4_5poros3api6flight14flight_serviceNtB6_15LogFlightServerNtNtNtCshFOG5q1kqzQ_12arrow_flight3gen21flight_service_server13FlightService6do_put0Bc_
FN:387,_RNCNvXs_NtNtNtCsI6NLFzJnY4_5poros3api6flight14flight_serviceNtB6_15LogFlightServerNtNtNtCshFOG5q1kqzQ_12arrow_flight3gen21flight_service_server13FlightService9do_action0Bc_
FN:273,_RNCNvXs_NtNtNtCsI6NLFzJnY4_5poros3api6flight14flight_serviceNtB6_15LogFlightServerNtNtNtCshFOG5q1kqzQ_12arrow_flight3gen21flight_service_server13FlightService9handshake0Bc_
FN:40,_RNvMNtNtNtCsI6NLFzJnY4_5poros3api6flight14flight_serviceNtB2_15LogFlightServer18create_flight_info
FN:81,_RNvMNtNtNtCsI6NLFzJnY4_5poros3api6flight14flight_serviceNtB2_15LogFlightServer25encode_schema_flight_data
FN:98,_RNvMNtNtNtCsI6NLFzJnY4_5poros3api6flight14flight_serviceNtB2_15LogFlightServer31encode_record_batch_flight_data
FN:311,_RNvXs_NtNtNtCsI6NLFzJnY4_5poros3api6flight14flight_serviceNtB4_15LogFlightServerNtNtNtCshFOG5q1kqzQ_12arrow_flight3gen21flight_service_server13FlightService10get_schema
FN:379,_RNvXs_NtNtNtCsI6NLFzJnY4_5poros3api6flight14flight_serviceNtB4_15LogFlightServerNtNtNtCshFOG5q1kqzQ_12arrow_flight3gen21flight_service_server13FlightService11do_exchange
FN:394,_RNvXs_NtNtNtCsI6NLFzJnY4_5poros3api6flight14flight_serviceNtB4_15LogFlightServerNtNtNtCshFOG5q1kqzQ_12arrow_flight3gen21flight_service_server13FlightService12list_actions
FN:281,_RNvXs_NtNtNtCsI6NLFzJnY4_5poros3api6flight14flight_serviceNtB4_15LogFlightServerNtNtNtCshFOG5q1kqzQ_12arrow_flight3gen21flight_service_server13FlightService12list_flights
FN:297,_RNvXs_NtNtNtCsI6NLFzJnY4_5poros3api6flight14flight_serviceNtB4_15LogFlightServerNtNtNtCshFOG5q1kqzQ_12arrow_flight3gen21flight_service_server13FlightService15get_flight_info
FN:304,_RNvXs_NtNtNtCsI6NLFzJnY4_5poros3api6flight14flight_serviceNtB4_15LogFlightServerNtNtNtCshFOG5q1kqzQ_12arrow_flight3gen21flight_service_server13FlightService16poll_flight_info
FN:320,_RNvXs_NtNtNtCsI6NLFzJnY4_5poros3api6flight14flight_serviceNtB4_15LogFlightServerNtNtNtCshFOG5q1kqzQ_12arrow_flight3gen21flight_service_server13FlightService6do_get
FN:367,_RNvXs_NtNtNtCsI6NLFzJnY4_5poros3api6flight14flight_serviceNtB4_15LogFlightServerNtNtNtCshFOG5q1kqzQ_12arrow_flight3gen21flight_service_server13FlightService6do_put
FN:387,_RNvXs_NtNtNtCsI6NLFzJnY4_5poros3api6flight14flight_serviceNtB4_15LogFlightServerNtNtNtCshFOG5q1kqzQ_12arrow_flight3gen21flight_service_server13FlightService9do_action
FN:273,_RNvXs_NtNtNtCsI6NLFzJnY4_5poros3api6flight14flight_serviceNtB4_15LogFlightServerNtNtNtCshFOG5q1kqzQ_12arrow_flight3gen21flight_service_server13FlightService9handshake
FN:113,_RNvMNtNtNtCsI6NLFzJnY4_5poros3api6flight14flight_serviceNtB2_15LogFlightServer26handle_initial_put_message
FN:183,_RNvMNtNtNtCsI6NLFzJnY4_5poros3api6flight14flight_serviceNtB2_15LogFlightServer31handle_record_batch_put_message
FN:32,_RNvMNtNtNtCsI6NLFzJnY4_5poros3api6flight14flight_serviceNtB2_15LogFlightServer3new
FN:227,_RINvMNtNtNtCsI6NLFzJnY4_5poros3api6flight14flight_serviceNtB3_15LogFlightServer18do_put_from_streamINtNtNtCs9VZlpcPKCCd_12futures_util6stream4iter4IterINtNtNtCsaFPxhswmqCN_5alloc3vec9into_iter8IntoIterINtNtCs1p5UDGgVI4d_4core6result6ResultNtNtCshFOG5q1kqzQ_12arrow_flight3gen10FlightDataNtNtCshFChJ4CduD7_5tonic6status6StatusEEEEB9_
FN:230,_RNCINvMNtNtNtCsI6NLFzJnY4_5poros3api6flight14flight_serviceNtB5_15LogFlightServer18do_put_from_streamINtNtNtCs9VZlpcPKCCd_12futures_util6stream4iter4IterINtNtNtCsaFPxhswmqCN_5alloc3vec9into_iter8IntoIterINtNtCs1p5UDGgVI4d_4core6result6ResultNtNtCshFOG5q1kqzQ_12arrow_flight3gen10FlightDataNtNtCshFChJ4CduD7_5tonic6status6StatusEEEE0Bb_
FN:127,_RNCNCNvMNtNtNtCsI6NLFzJnY4_5poros3api6flight14flight_serviceNtB6_15LogFlightServer26handle_initial_put_message00Bc_
FN:153,_RNCNCNvMNtNtNtCsI6NLFzJnY4_5poros3api6flight14flight_serviceNtB6_15LogFlightServer26handle_initial_put_message0s0_0Bc_
FN:136,_RNCNCNvMNtNtNtCsI6NLFzJnY4_5poros3api6flight14flight_serviceNtB6_15LogFlightServer26handle_initial_put_message0s_0Bc_
FN:198,_RNCNCNvMNtNtNtCsI6NLFzJnY4_5poros3api6flight14flight_serviceNtB6_15LogFlightServer31handle_record_batch_put_message00Bc_
FN:118,_RNCNvMNtNtNtCsI6NLFzJnY4_5poros3api6flight14flight_serviceNtB4_15LogFlightServer26handle_initial_put_message0Ba_
FN:188,_RNCNvMNtNtNtCsI6NLFzJnY4_5poros3api6flight14flight_serviceNtB4_15LogFlightServer31handle_record_batch_put_message0Ba_
FNDA:0,_RNCNCNvXs_NtNtNtCsI6NLFzJnY4_5poros3api6flight14flight_serviceNtB8_15LogFlightServerNtNtNtCshFOG5q1kqzQ_12arrow_flight3gen21flight_service_server13FlightService12list_flights00Be_
FNDA:0,_RNCNCNvXs_NtNtNtCsI6NLFzJnY4_5poros3api6flight14flight_serviceNtB8_15LogFlightServerNtNtNtCshFOG5q1kqzQ_12arrow_flight3gen21flight_service_server13FlightService6do_get00Be_
FNDA:0,_RNCNCNvXs_NtNtNtCsI6NLFzJnY4_5poros3api6flight14flight_serviceNtB8_15LogFlightServerNtNtNtCshFOG5q1kqzQ_12arrow_flight3gen21flight_service_server13FlightService6do_get0s_0Be_
FNDA:0,_RNCNvMNtNtNtCsI6NLFzJnY4_5poros3api6flight14flight_serviceNtB4_15LogFlightServer18create_flight_info0Ba_
FNDA:0,_RNCNvMNtNtNtCsI6NLFzJnY4_5poros3api6flight14flight_serviceNtB4_15LogFlightServer18create_flight_infos_0Ba_
FNDA:0,_RNCNvMNtNtNtCsI6NLFzJnY4_5poros3api6flight14flight_serviceNtB4_15LogFlightServer31encode_record_batch_flight_data0Ba_
FNDA:0,_RNCNvXs_NtNtNtCsI6NLFzJnY4_5poros3api6flight14flight_serviceNtB6_15LogFlightServerNtNtNtCshFOG5q1kqzQ_12arrow_flight3gen21flight_service_server13FlightService10get_schema0Bc_
FNDA:0,_RNCNvXs_NtNtNtCsI6NLFzJnY4_5poros3api6flight14flight_serviceNtB6_15LogFlightServerNtNtNtCshFOG5q1kqzQ_12arrow_flight3gen21flight_service_server13FlightService11do_exchange0Bc_
FNDA:0,_RNCNvXs_NtNtNtCsI6NLFzJnY4_5poros3api6flight14flight_serviceNtB6_15LogFlightServerNtNtNtCshFOG5q1kqzQ_12arrow_flight3gen21flight_service_server13FlightService12list_actions0Bc_
FNDA:0,_RNCNvXs_NtNtNtCsI6NLFzJnY4_5poros3api6flight14flight_serviceNtB6_15LogFlightServerNtNtNtCshFOG5q1kqzQ_12arrow_flight3gen21flight_service_server13FlightService12list_flights0Bc_
FNDA:0,_RNCNvXs_NtNtNtCsI6NLFzJnY4_5poros3api6flight14flight_serviceNtB6_15LogFlightServerNtNtNtCshFOG5q1kqzQ_12arrow_flight3gen21flight_service_server13FlightService15get_flight_info0Bc_
FNDA:0,_RNCNvXs_NtNtNtCsI6NLFzJnY4_5poros3api6flight14flight_serviceNtB6_15LogFlightServerNtNtNtCshFOG5q1kqzQ_12arrow_flight3gen21flight_service_server13FlightService16poll_flight_info0Bc_
FNDA:0,_RNCNvXs_NtNtNtCsI6NLFzJnY4_5poros3api6flight14flight_serviceNtB6_15LogFlightServerNtNtNtCshFOG5q1kqzQ_12arrow_flight3gen21flight_service_server13FlightService6do_get0Bc_
FNDA:0,_RNCNvXs_NtNtNtCsI6NLFzJnY4_5poros3api6flight14flight_serviceNtB6_15LogFlightServerNtNtNtCshFOG5q1kqzQ_12arrow_flight3gen21flight_service_server13FlightService6do_put0Bc_
FNDA:0,_RNCNvXs_NtNtNtCsI6NLFzJnY4_5poros3api6flight14flight_serviceNtB6_15LogFlightServerNtNtNtCshFOG5q1kqzQ_12arrow_flight3gen21flight_service_server13FlightService9do_action0Bc_
FNDA:0,_RNCNvXs_NtNtNtCsI6NLFzJnY4_5poros3api6flight14flight_serviceNtB6_15LogFlightServerNtNtNtCshFOG5q1kqzQ_12arrow_flight3gen21flight_service_server13FlightService9handshake0Bc_
FNDA:0,_RNvMNtNtNtCsI6NLFzJnY4_5poros3api6flight14flight_serviceNtB2_15LogFlightServer18create_flight_info
FNDA:0,_RNvMNtNtNtCsI6NLFzJnY4_5poros3api6flight14flight_serviceNtB2_15LogFlightServer25encode_schema_flight_data
FNDA:0,_RNvMNtNtNtCsI6NLFzJnY4_5poros3api6flight14flight_serviceNtB2_15LogFlightServer31encode_record_batch_flight_data
FNDA:0,_RNvXs_NtNtNtCsI6NLFzJnY4_5poros3api6flight14flight_serviceNtB4_15LogFlightServerNtNtNtCshFOG5q1kqzQ_12arrow_flight3gen21flight_service_server13FlightService10get_schema
FNDA:0,_RNvXs_NtNtNtCsI6NLFzJnY4_5poros3api6flight14flight_serviceNtB4_15LogFlightServerNtNtNtCshFOG5q1kqzQ_12arrow_flight3gen21flight_service_server13FlightService11do_exchange
FNDA:0,_RNvXs_NtNtNtCsI6NLFzJnY4_5poros3api6flight14flight_serviceNtB4_15LogFlightServerNtNtNtCshFOG5q1kqzQ_12arrow_flight3gen21flight_service_server13FlightService12list_actions
FNDA:0,_RNvXs_NtNtNtCsI6NLFzJnY4_5poros3api6flight14flight_serviceNtB4_15LogFlightServerNtNtNtCshFOG5q1kqzQ_12arrow_flight3gen21flight_service_server13FlightService12list_flights
FNDA:0,_RNvXs_NtNtNtCsI6NLFzJnY4_5poros3api6flight14flight_serviceNtB4_15LogFlightServerNtNtNtCshFOG5q1kqzQ_12arrow_flight3gen21flight_service_server13FlightService15get_flight_info
FNDA:0,_RNvXs_NtNtNtCsI6NLFzJnY4_5poros3api6flight14flight_serviceNtB4_15LogFlightServerNtNtNtCshFOG5q1kqzQ_12arrow_flight3gen21flight_service_server13FlightService16poll_flight_info
FNDA:0,_RNvXs_NtNtNtCsI6NLFzJnY4_5poros3api6flight14flight_serviceNtB4_15LogFlightServerNtNtNtCshFOG5q1kqzQ_12arrow_flight3gen21flight_service_server13FlightService6do_get
FNDA:0,_RNvXs_NtNtNtCsI6NLFzJnY4_5poros3api6flight14flight_serviceNtB4_15LogFlightServerNtNtNtCshFOG5q1kqzQ_12arrow_flight3gen21flight_service_server13FlightService6do_put
FNDA:0,_RNvXs_NtNtNtCsI6NLFzJnY4_5poros3api6flight14flight_serviceNtB4_15LogFlightServerNtNtNtCshFOG5q1kqzQ_12arrow_flight3gen21flight_service_server13FlightService9do_action
FNDA:0,_RNvXs_NtNtNtCsI6NLFzJnY4_5poros3api6flight14flight_serviceNtB4_15LogFlightServerNtNtNtCshFOG5q1kqzQ_12arrow_flight3gen21flight_service_server13FlightService9handshake
FNDA:4,_RNvMNtNtNtCsI6NLFzJnY4_5poros3api6flight14flight_serviceNtB2_15LogFlightServer26handle_initial_put_message
FNDA:3,_RNvMNtNtNtCsI6NLFzJnY4_5poros3api6flight14flight_serviceNtB2_15LogFlightServer31handle_record_batch_put_message
FNDA:1,_RNvMNtNtNtCsI6NLFzJnY4_5poros3api6flight14flight_serviceNtB2_15LogFlightServer3new
FNDA:1,_RINvMNtNtNtCsI6NLFzJnY4_5poros3api6flight14flight_serviceNtB3_15LogFlightServer18do_put_from_streamINtNtNtCs9VZlpcPKCCd_12futures_util6stream4iter4IterINtNtNtCsaFPxhswmqCN_5alloc3vec9into_iter8IntoIterINtNtCs1p5UDGgVI4d_4core6result6ResultNtNtCshFOG5q1kqzQ_12arrow_flight3gen10FlightDataNtNtCshFChJ4CduD7_5tonic6status6StatusEEEEB9_
FNDA:1,_RNCINvMNtNtNtCsI6NLFzJnY4_5poros3api6flight14flight_serviceNtB5_15LogFlightServer18do_put_from_streamINtNtNtCs9VZlpcPKCCd_12futures_util6stream4iter4IterINtNtNtCsaFPxhswmqCN_5alloc3vec9into_iter8IntoIterINtNtCs1p5UDGgVI4d_4core6result6ResultNtNtCshFOG5q1kqzQ_12arrow_flight3gen10FlightDataNtNtCshFChJ4CduD7_5tonic6status6StatusEEEE0Bb_
FNDA:0,_RNCNCNvMNtNtNtCsI6NLFzJnY4_5poros3api6flight14flight_serviceNtB6_15LogFlightServer26handle_initial_put_message00Bc_
FNDA:2,_RNCNCNvMNtNtNtCsI6NLFzJnY4_5poros3api6flight14flight_serviceNtB6_15LogFlightServer26handle_initial_put_message0s0_0Bc_
FNDA:0,_RNCNCNvMNtNtNtCsI6NLFzJnY4_5poros3api6flight14flight_serviceNtB6_15LogFlightServer26handle_initial_put_message0s_0Bc_
FNDA:0,_RNCNCNvMNtNtNtCsI6NLFzJnY4_5poros3api6flight14flight_serviceNtB6_15LogFlightServer31handle_record_batch_put_message00Bc_
FNDA:4,_RNCNvMNtNtNtCsI6NLFzJnY4_5poros3api6flight14flight_serviceNtB4_15LogFlightServer26handle_initial_put_message0Ba_
FNDA:3,_RNCNvMNtNtNtCsI6NLFzJnY4_5poros3api6flight14flight_serviceNtB4_15LogFlightServer31handle_record_batch_put_message0Ba_
FNF:30
FNH:8
DA:32,1
DA:33,1
DA:34,1
DA:35,1
DA:36,1
DA:37,1
DA:40,0
DA:41,0
DA:42,0
DA:43,0
DA:44,0
DA:45,0
DA:46,0
DA:47,0
DA:48,0
DA:49,0
DA:50,0
DA:51,0
DA:53,0
DA:54,0
DA:56,0
DA:57,0
DA:59,0
DA:61,0
DA:62,0
DA:63,0
DA:65,0
DA:67,0
DA:69,0
DA:70,0
DA:71,0
DA:72,0
DA:73,0
DA:74,0
DA:75,0
DA:76,0
DA:77,0
DA:78,0
DA:81,0
DA:82,0
DA:83,0
DA:84,0
DA:85,0
DA:86,0
DA:87,0
DA:88,0
DA:89,0
DA:90,0
DA:91,0
DA:93,0
DA:94,0
DA:95,0
DA:98,0
DA:99,0
DA:100,0
DA:101,0
DA:102,0
DA:103,0
DA:104,0
DA:105,0
DA:106,0
DA:108,0
DA:109,0
DA:110,0
DA:113,4
DA:114,4
DA:115,4
DA:116,4
DA:117,4
DA:118,4
DA:120,4
DA:121,4
DA:122,0
DA:123,0
DA:124,0
DA:125,0
DA:126,0
DA:127,0
DA:128,0
DA:130,4
DA:131,0
DA:134,4
DA:135,1
DA:136,1
DA:137,0
DA:138,0
DA:139,1
DA:141,1
DA:142,1
DA:143,1
DA:144,1
DA:145,1
DA:146,1
DA:149,1
DA:150,1
DA:151,1
DA:152,1
DA:153,2
DA:154,2
DA:155,2
DA:156,1
DA:159,1
DA:160,1
DA:162,1
DA:163,0
DA:164,0
DA:165,0
DA:166,0
DA:167,0
DA:168,0
DA:170,0
DA:171,0
DA:175,0
DA:176,1
DA:178,3
DA:179,4
DA:180,4
DA:183,3
DA:184,3
DA:185,3
DA:186,3
DA:187,3
DA:188,3
DA:189,3
DA:190,0
DA:191,3
DA:193,3
DA:194,3
DA:195,3
DA:196,3
DA:198,3
DA:200,3
DA:201,3
DA:202,3
DA:203,3
DA:204,3
DA:205,3
DA:206,3
DA:207,3
DA:208,3
DA:210,3
DA:211,0
DA:212,0
DA:213,0
DA:215,0
DA:216,3
DA:219,3
DA:220,0
DA:221,0
DA:222,0
DA:224,3
DA:225,3
DA:227,1
DA:228,1
DA:229,1
DA:230,1
DA:232,1
DA:233,1
DA:234,1
DA:235,5
DA:236,4
DA:239,4
DA:240,4
DA:241,4
DA:243,4
DA:244,1
DA:245,3
DA:246,0
DA:249,3
DA:250,3
DA:251,3
DA:252,3
DA:253,3
DA:254,3
DA:256,0
DA:257,0
DA:258,0
DA:259,0
DA:263,1
DA:264,1
DA:273,0
DA:274,0
DA:275,0
DA:281,0
DA:282,0
DA:283,0
DA:285,0
DA:286,0
DA:287,0
DA:288,0
DA:290,0
DA:291,0
DA:292,0
DA:297,0
DA:298,0
DA:299,0
DA:304,0
DA:305,0
DA:306,0
DA:311,0
DA:312,0
DA:313,0
DA:320,0
DA:321,0
DA:322,0
DA:323,0
DA:324,0
DA:326,0
DA:327,0
DA:328,0
DA:329,0
DA:331,0
DA:332,0
DA:333,0
DA:334,0
DA:335,0
DA:336,0
DA:338,0
DA:339,0
DA:340,0
DA:342,0
DA:345,0
DA:348,0
DA:349,0
DA:350,0
DA:351,0
DA:352,0
DA:353,0
DA:354,0
DA:357,0
DA:358,0
DA:359,0
DA:367,0
DA:368,0
DA:369,0
DA:370,0
DA:372,0
DA:373,0
DA:374,0
DA:379,0
DA:380,0
DA:381,0
DA:387,0
DA:388,0
DA:389,0
DA:394,0
DA:395,0
DA:396,0
BRF:0
BRH:0
LF:260
LH:92
end_of_record
SF:/home/balaji/RustroverProjects/Titan/src/api/flight/flight_service_test.rs
FN:58,_RNCNvNtNtNtNtCsI6NLFzJnY4_5poros3api6flight19flight_service_test4test22create_flight_data_vec0Bb_
FN:19,_RNvNtNtNtNtCsI6NLFzJnY4_5poros3api6flight19flight_service_test4test22create_flight_data_vec
FNDA:0,_RNCNvNtNtNtNtCsI6NLFzJnY4_5poros3api6flight19flight_service_test4test22create_flight_data_vec0Bb_
FNDA:1,_RNvNtNtNtNtCsI6NLFzJnY4_5poros3api6flight19flight_service_test4test22create_flight_data_vec
FNF:2
FNH:1
DA:19,1
DA:21,1
DA:22,1
DA:23,1
DA:27,1
DA:28,1
DA:29,1
DA:30,1
DA:31,1
DA:34,1
DA:36,1
DA:37,1
DA:38,1
DA:41,1
DA:42,1
DA:43,1
DA:44,1
DA:48,1
DA:51,1
DA:52,1
DA:53,1
DA:56,1
DA:57,1
DA:58,1
DA:59,1
DA:60,1
DA:61,1
DA:62,1
DA:63,1
DA:64,1
DA:65,1
DA:66,1
DA:67,1
DA:69,1
DA:70,1
BRF:0
BRH:0
LF:36
LH:35
end_of_record
SF:/home/balaji/RustroverProjects/Titan/src/api/http/health.rs
FN:24,_RNCNvNtNtNtCsI6NLFzJnY4_5poros3api4http6health15health_endpoint0B9_
FN:24,_RNvNtNtNtCsI6NLFzJnY4_5poros3api4http6health15health_endpoint
FN:39,_RNvNtNtNtCsI6NLFzJnY4_5poros3api4http6health27get_health_endpoint_factory
FN:17,_RNvXNtNtNtCsI6NLFzJnY4_5poros3api4http6healthNtB2_6StatusNtNtCs1p5UDGgVI4d_4core3fmt7Display3fmt
FNDA:0,_RNCNvNtNtNtCsI6NLFzJnY4_5poros3api4http6health15health_endpoint0B9_
FNDA:0,_RNvNtNtNtCsI6NLFzJnY4_5poros3api4http6health15health_endpoint
FNDA:0,_RNvNtNtNtCsI6NLFzJnY4_5poros3api4http6health27get_health_endpoint_factory
FNDA:0,_RNvXNtNtNtCsI6NLFzJnY4_5poros3api4http6healthNtB2_6StatusNtNtCs1p5UDGgVI4d_4core3fmt7Display3fmt
FNF:4
FNH:0
DA:17,0
DA:18,0
DA:19,0
DA:21,0
DA:24,0
DA:25,0
DA:26,0
DA:27,0
DA:28,0
DA:39,0
DA:40,0
DA:41,0
BRF:0
BRH:0
LF:13
LH:0
end_of_record
SF:/home/balaji/RustroverProjects/Titan/src/api/http/regex.rs
FN:147,_RINvNtNtNtCsI6NLFzJnY4_5poros3api4http5regex22check_if_flight_existspEB8_
FN:155,_RNCINvNtNtNtCsI6NLFzJnY4_5poros3api4http5regex22check_if_flight_existspE0Ba_
FN:159,_RNCNCINvNtNtNtCsI6NLFzJnY4_5poros3api4http5regex22check_if_flight_existspE00Bc_
FN:160,_RNCNCINvNtNtNtCsI6NLFzJnY4_5poros3api4http5regex22check_if_flight_existspE0s_0Bc_
FN:186,_RNCNvNtNtNtCsI6NLFzJnY4_5poros3api4http5regex13fetch_flights0B9_
FN:115,_RNCNvNtNtNtCsI6NLFzJnY4_5poros3api4http5regex18submit_new_pattern0B9_
FN:186,_RNvNtNtNtCsI6NLFzJnY4_5poros3api4http5regex13fetch_flights
FN:90,_RNvNtNtNtCsI6NLFzJnY4_5poros3api4http5regex14is_valid_regex
FN:112,_RNvNtNtNtCsI6NLFzJnY4_5poros3api4http5regex18submit_new_pattern
FN:76,_RNvNtNtNtCsI6NLFzJnY4_5poros3api4http5regex22validate_regex_pattern
FN:176,_RNvNtNtNtCsI6NLFzJnY4_5poros3api4http5regex23get_all_flights_factory
FN:108,_RNvNtNtNtCsI6NLFzJnY4_5poros3api4http5regex26submit_new_pattern_factory
FN:65,_RNvXNtNtNtCsI6NLFzJnY4_5poros3api4http5regexNtB2_9ErrorTypeNtNtCs1p5UDGgVI4d_4core3fmt7Display3fmt
FNDA:0,_RINvNtNtNtCsI6NLFzJnY4_5poros3api4http5regex22check_if_flight_existspEB8_
FNDA:0,_RNCINvNtNtNtCsI6NLFzJnY4_5poros3api4http5regex22check_if_flight_existspE0Ba_
FNDA:0,_RNCNCINvNtNtNtCsI6NLFzJnY4_5poros3api4http5regex22check_if_flight_existspE00Bc_
FNDA:0,_RNCNCINvNtNtNtCsI6NLFzJnY4_5poros3api4http5regex22check_if_flight_existspE0s_0Bc_
FNDA:0,_RNCNvNtNtNtCsI6NLFzJnY4_5poros3api4http5regex13fetch_flights0B9_
FNDA:0,_RNCNvNtNtNtCsI6NLFzJnY4_5poros3api4http5regex18submit_new_pattern0B9_
FNDA:0,_RNvNtNtNtCsI6NLFzJnY4_5poros3api4http5regex13fetch_flights
FNDA:0,_RNvNtNtNtCsI6NLFzJnY4_5poros3api4http5regex14is_valid_regex
FNDA:0,_RNvNtNtNtCsI6NLFzJnY4_5poros3api4http5regex18submit_new_pattern
FNDA:0,_RNvNtNtNtCsI6NLFzJnY4_5poros3api4http5regex22validate_regex_pattern
FNDA:0,_RNvNtNtNtCsI6NLFzJnY4_5poros3api4http5regex23get_all_flights_factory
FNDA:0,_RNvNtNtNtCsI6NLFzJnY4_5poros3api4http5regex26submit_new_pattern_factory
FNDA:0,_RNvXNtNtNtCsI6NLFzJnY4_5poros3api4http5regexNtB2_9ErrorTypeNtNtCs1p5UDGgVI4d_4core3fmt7Display3fmt
FNF:13
FNH:0
DA:65,0
DA:66,0
DA:67,0
DA:69,0
DA:76,0
DA:77,0
DA:78,0
DA:79,0
DA:80,0
DA:81,0
DA:82,0
DA:84,0
DA:87,0
DA:88,0
DA:90,0
DA:91,0
DA:92,0
DA:108,0
DA:109,0
DA:110,0
DA:112,0
DA:113,0
DA:114,0
DA:115,0
DA:116,0
DA:117,0
DA:118,0
DA:120,0
DA:121,0
DA:122,0
DA:123,0
DA:125,0
DA:126,0
DA:127,0
DA:130,0
DA:132,0
DA:133,0
DA:136,0
DA:137,0
DA:141,0
DA:143,0
DA:147,0
DA:148,0
DA:149,0
DA:150,0
DA:151,0
DA:152,0
DA:153,0
DA:154,0
DA:155,0
DA:156,0
DA:157,0
DA:158,0
DA:159,0
DA:160,0
DA:161,0
DA:162,0
DA:163,0
DA:176,0
DA:177,0
DA:178,0
DA:186,0
DA:187,0
DA:188,0
DA:190,0
DA:191,0
DA:192,0
DA:193,0
DA:194,0
DA:195,0
DA:196,0
DA:197,0
DA:198,0
DA:199,0
DA:200,0
DA:202,0
DA:203,0
DA:204,0
DA:206,0
DA:207,0
DA:208,0
DA:214,0
DA:218,0
BRF:0
BRH:0
LF:87
LH:0
end_of_record
SF:/home/balaji/RustroverProjects/Titan/src/application/actors/broadcast.rs
FN:72,_RNCNvXs1_NtNtNtCsI6NLFzJnY4_5poros11application6actors9broadcastNtB7_14BroadcastActorINtNtCslyLm8eLQtsl_5actix7handler7HandlerNtNtNtNtBd_3api4http5regex12RegexRequestE6handle0Bd_
FN:118,_RNCNvXs2_NtNtNtCsI6NLFzJnY4_5poros11application6actors9broadcastNtB7_14BroadcastActorINtNtCslyLm8eLQtsl_5actix7handler7HandlerNtB7_18RecordBatchWrapperE6handle0Bd_
FN:44,_RNvMs_NtNtNtCsI6NLFzJnY4_5poros11application6actors9broadcastNtB4_14BroadcastActor3new
FN:55,_RNvXs0_NtNtNtCsI6NLFzJnY4_5poros11application6actors9broadcastNtB5_14BroadcastActorNtNtCslyLm8eLQtsl_5actix5actor5Actor7started
FN:69,_RNvXs1_NtNtNtCsI6NLFzJnY4_5poros11application6actors9broadcastNtB5_14BroadcastActorINtNtCslyLm8eLQtsl_5actix7handler7HandlerNtNtNtNtBb_3api4http5regex12RegexRequestE6handle
FN:112,_RNvXs2_NtNtNtCsI6NLFzJnY4_5poros11application6actors9broadcastNtB5_14BroadcastActorINtNtCslyLm8eLQtsl_5actix7handler7HandlerNtB5_18RecordBatchWrapperE6handle
FN:177,_RNvXs4_NtNtNtCsI6NLFzJnY4_5poros11application6actors9broadcastNtB5_18MockBroadcastActorNtNtCslyLm8eLQtsl_5actix5actor5Actor7started
FN:18,_RNvMNtNtNtCsI6NLFzJnY4_5poros11application6actors9broadcastNtB2_18BroadcastActorAddr13regex_request
FN:27,_RNvMNtNtNtCsI6NLFzJnY4_5poros11application6actors9broadcastNtB2_18BroadcastActorAddr20record_batch_wrapper
FN:157,_RNvXs3_NtNtNtCsI6NLFzJnY4_5poros11application6actors9broadcastNtB5_8MetadataNtNtCs1p5UDGgVI4d_4core3fmt7Display3fmt
FN:189,_RNvXs5_NtNtNtCsI6NLFzJnY4_5poros11application6actors9broadcastNtB5_18MockBroadcastActorINtNtCslyLm8eLQtsl_5actix7handler7HandlerNtNtNtNtBb_3api4http5regex12RegexRequestE6handle
FN:199,_RNvXs6_NtNtNtCsI6NLFzJnY4_5poros11application6actors9broadcastNtB5_18MockBroadcastActorINtNtCslyLm8eLQtsl_5actix7handler7HandlerNtB5_18RecordBatchWrapperE6handle
FNDA:1,_RNCNvXs1_NtNtNtCsI6NLFzJnY4_5poros11application6actors9broadcastNtB7_14BroadcastActorINtNtCslyLm8eLQtsl_5actix7handler7HandlerNtNtNtNtBd_3api4http5regex12RegexRequestE6handle0Bd_
FNDA:0,_RNCNvXs2_NtNtNtCsI6NLFzJnY4_5poros11application6actors9broadcastNtB7_14BroadcastActorINtNtCslyLm8eLQtsl_5actix7handler7HandlerNtB7_18RecordBatchWrapperE6handle0Bd_
FNDA:1,_RNvMs_NtNtNtCsI6NLFzJnY4_5poros11application6actors9broadcastNtB4_14BroadcastActor3new
FNDA:1,_RNvXs0_NtNtNtCsI6NLFzJnY4_5poros11application6actors9broadcastNtB5_14BroadcastActorNtNtCslyLm8eLQtsl_5actix5actor5Actor7started
FNDA:1,_RNvXs1_NtNtNtCsI6NLFzJnY4_5poros11application6actors9broadcastNtB5_14BroadcastActorINtNtCslyLm8eLQtsl_5actix7handler7HandlerNtNtNtNtBb_3api4http5regex12RegexRequestE6handle
FNDA:0,_RNvXs2_NtNtNtCsI6NLFzJnY4_5poros11application6actors9broadcastNtB5_14BroadcastActorINtNtCslyLm8eLQtsl_5actix7handler7HandlerNtB5_18RecordBatchWrapperE6handle
FNDA:2,_RNvXs4_NtNtNtCsI6NLFzJnY4_5poros11application6actors9broadcastNtB5_18MockBroadcastActorNtNtCslyLm8eLQtsl_5actix5actor5Actor7started
FNDA:0,_RNvMNtNtNtCsI6NLFzJnY4_5poros11application6actors9broadcastNtB2_18BroadcastActorAddr13regex_request
FNDA:0,_RNvMNtNtNtCsI6NLFzJnY4_5poros11application6actors9broadcastNtB2_18BroadcastActorAddr20record_batch_wrapper
FNDA:0,_RNvXs3_NtNtNtCsI6NLFzJnY4_5poros11application6actors9broadcastNtB5_8MetadataNtNtCs1p5UDGgVI4d_4core3fmt7Display3fmt
FNDA:0,_RNvXs5_NtNtNtCsI6NLFzJnY4_5poros11application6actors9broadcastNtB5_18MockBroadcastActorINtNtCslyLm8eLQtsl_5actix7handler7HandlerNtNtNtNtBb_3api4http5regex12RegexRequestE6handle
FNDA:0,_RNvXs6_NtNtNtCsI6NLFzJnY4_5poros11application6actors9broadcastNtB5_18MockBroadcastActorINtNtCslyLm8eLQtsl_5actix7handler7HandlerNtB5_18RecordBatchWrapperE6handle
FNF:12
FNH:5
DA:18,0
DA:19,0
DA:20,0
DA:22,0
DA:23,0
DA:25,0
DA:27,0
DA:28,0
DA:29,0
DA:31,0
DA:32,0
DA:34,0
DA:44,1
DA:45,1
DA:46,1
DA:47,1
DA:48,1
DA:49,1
DA:55,1
DA:56,1
DA:57,1
DA:58,1
DA:59,1
DA:60,1
DA:69,1
DA:71,1
DA:72,1
DA:73,1
DA:74,1
DA:75,1
DA:76,0
DA:77,0
DA:78,0
DA:82,1
DA:83,1
DA:84,1
DA:85,0
DA:87,0
DA:89,0
DA:91,1
DA:92,1
DA:93,1
DA:94,1
DA:112,0
DA:113,0
DA:114,0
DA:115,0
DA:116,0
DA:117,0
DA:118,0
DA:119,0
DA:120,0
DA:121,0
DA:122,0
DA:124,0
DA:125,0
DA:126,0
DA:127,0
DA:128,0
DA:129,0
DA:130,0
DA:131,0
DA:132,0
DA:133,0
DA:134,0
DA:136,0
DA:137,0
DA:139,0
DA:141,0
DA:143,0
DA:144,0
DA:145,0
DA:157,0
DA:158,0
DA:159,0
DA:160,0
DA:163,0
DA:177,2
DA:178,2
DA:179,2
DA:180,2
DA:181,2
DA:182,2
DA:189,0
DA:190,0
DA:191,0
DA:192,0
DA:199,0
DA:200,0
BRF:0
BRH:0
LF:91
LH:32
end_of_record
SF:/home/balaji/RustroverProjects/Titan/src/application/actors/db.rs
FN:199,_RNCNvXsd_NtNtNtCsI6NLFzJnY4_5poros11application6actors2dbNtB7_7DbActorINtNtCslyLm8eLQtsl_5actix7handler7HandlerNtB7_10SaveSchemaE6handle0Bd_
FN:26,_RNCNvMNtNtNtCsI6NLFzJnY4_5poros11application6actors2dbNtB4_11DbActorAddr15send_repo_ready0Ba_
FN:50,_RNCNvMNtNtNtCsI6NLFzJnY4_5poros11application6actors2dbNtB4_11DbActorAddr16send_save_schema0Ba_
FN:38,_RNCNvMNtNtNtCsI6NLFzJnY4_5poros11application6actors2dbNtB4_11DbActorAddr28send_get_patterns_for_tenant0Ba_
FN:85,_RNCNvMs_NtNtNtCsI6NLFzJnY4_5poros11application6actors2dbNtB6_7DbActor3new0Bc_
FN:106,_RNCNvXs0_NtNtNtCsI6NLFzJnY4_5poros11application6actors2dbNtB7_7DbActorNtNtCslyLm8eLQtsl_5actix5actor5Actor7started0Bd_
FN:23,_RNvMNtNtNtCsI6NLFzJnY4_5poros11application6actors2dbNtB2_11DbActorAddr15send_repo_ready
FN:47,_RNvMNtNtNtCsI6NLFzJnY4_5poros11application6actors2dbNtB2_11DbActorAddr16send_save_schema
FN:35,_RNvMNtNtNtCsI6NLFzJnY4_5poros11application6actors2dbNtB2_11DbActorAddr28send_get_patterns_for_tenant
FN:81,_RNvMs_NtNtNtCsI6NLFzJnY4_5poros11application6actors2dbNtB4_7DbActor3new
FN:101,_RNvXs0_NtNtNtCsI6NLFzJnY4_5poros11application6actors2dbNtB5_7DbActorNtNtCslyLm8eLQtsl_5actix5actor5Actor7started
FN:133,_RNvXs1_NtNtNtCsI6NLFzJnY4_5poros11application6actors2dbNtB5_7DbActorINtNtCslyLm8eLQtsl_5actix7handler7HandlerNtB5_10ReposReadyE6handle
FN:162,_RNvXs3_NtNtNtCsI6NLFzJnY4_5poros11application6actors2dbNtB5_7DbActorINtNtCslyLm8eLQtsl_5actix7handler7HandlerNtB5_20GetPatternsForTenantE6handle
FN:259,_RNvXs5_NtNtNtCsI6NLFzJnY4_5poros11application6actors2dbNtB5_11MockDbActorINtNtCslyLm8eLQtsl_5actix7handler7HandlerNtB5_10ReposReadyE6handle
FN:265,_RNvXs6_NtNtNtCsI6NLFzJnY4_5poros11application6actors2dbNtB5_11MockDbActorINtNtCslyLm8eLQtsl_5actix7handler7HandlerNtB5_10SaveSchemaE6handle
FN:273,_RNvXs7_NtNtNtCsI6NLFzJnY4_5poros11application6actors2dbNtB5_11MockDbActorINtNtCslyLm8eLQtsl_5actix7handler7HandlerNtB5_20GetPatternsForTenantE6handle
FN:250,_RNvXs4_NtNtNtCsI6NLFzJnY4_5poros11application6actors2dbNtB5_11MockDbActorNtNtCslyLm8eLQtsl_5actix5actor5Actor7started
FN:194,_RNvXsd_NtNtNtCsI6NLFzJnY4_5poros11application6actors2dbNtB5_7DbActorINtNtCslyLm8eLQtsl_5actix7handler7HandlerNtB5_10SaveSchemaE6handle
FNDA:0,_RNCNvXsd_NtNtNtCsI6NLFzJnY4_5poros11application6actors2dbNtB7_7DbActorINtNtCslyLm8eLQtsl_5actix7handler7HandlerNtB7_10SaveSchemaE6handle0Bd_
FNDA:0,_RNCNvMNtNtNtCsI6NLFzJnY4_5poros11application6actors2dbNtB4_11DbActorAddr15send_repo_ready0Ba_
FNDA:0,_RNCNvMNtNtNtCsI6NLFzJnY4_5poros11application6actors2dbNtB4_11DbActorAddr16send_save_schema0Ba_
FNDA:0,_RNCNvMNtNtNtCsI6NLFzJnY4_5poros11application6actors2dbNtB4_11DbActorAddr28send_get_patterns_for_tenant0Ba_
FNDA:0,_RNCNvMs_NtNtNtCsI6NLFzJnY4_5poros11application6actors2dbNtB6_7DbActor3new0Bc_
FNDA:0,_RNCNvXs0_NtNtNtCsI6NLFzJnY4_5poros11application6actors2dbNtB7_7DbActorNtNtCslyLm8eLQtsl_5actix5actor5Actor7started0Bd_
FNDA:0,_RNvMNtNtNtCsI6NLFzJnY4_5poros11application6actors2dbNtB2_11DbActorAddr15send_repo_ready
FNDA:0,_RNvMNtNtNtCsI6NLFzJnY4_5poros11application6actors2dbNtB2_11DbActorAddr16send_save_schema
FNDA:0,_RNvMNtNtNtCsI6NLFzJnY4_5poros11application6actors2dbNtB2_11DbActorAddr28send_get_patterns_for_tenant
FNDA:0,_RNvMs_NtNtNtCsI6NLFzJnY4_5poros11application6actors2dbNtB4_7DbActor3new
FNDA:0,_RNvXs0_NtNtNtCsI6NLFzJnY4_5poros11application6actors2dbNtB5_7DbActorNtNtCslyLm8eLQtsl_5actix5actor5Actor7started
FNDA:0,_RNvXs1_NtNtNtCsI6NLFzJnY4_5poros11application6actors2dbNtB5_7DbActorINtNtCslyLm8eLQtsl_5actix7handler7HandlerNtB5_10ReposReadyE6handle
FNDA:0,_RNvXs3_NtNtNtCsI6NLFzJnY4_5poros11application6actors2dbNtB5_7DbActorINtNtCslyLm8eLQtsl_5actix7handler7HandlerNtB5_20GetPatternsForTenantE6handle
FNDA:0,_RNvXs5_NtNtNtCsI6NLFzJnY4_5poros11application6actors2dbNtB5_11MockDbActorINtNtCslyLm8eLQtsl_5actix7handler7HandlerNtB5_10ReposReadyE6handle
FNDA:0,_RNvXs6_NtNtNtCsI6NLFzJnY4_5poros11application6actors2dbNtB5_11MockDbActorINtNtCslyLm8eLQtsl_5actix7handler7HandlerNtB5_10SaveSchemaE6handle
FNDA:0,_RNvXs7_NtNtNtCsI6NLFzJnY4_5poros11application6actors2dbNtB5_11MockDbActorINtNtCslyLm8eLQtsl_5actix7handler7HandlerNtB5_20GetPatternsForTenantE6handle
FNDA:3,_RNvXs4_NtNtNtCsI6NLFzJnY4_5poros11application6actors2dbNtB5_11MockDbActorNtNtCslyLm8eLQtsl_5actix5actor5Actor7started
FNDA:0,_RNvXsd_NtNtNtCsI6NLFzJnY4_5poros11application6actors2dbNtB5_7DbActorINtNtCslyLm8eLQtsl_5actix7handler7HandlerNtB5_10SaveSchemaE6handle
FNF:18
FNH:1
DA:23,0
DA:24,0
DA:25,0
DA:26,0
DA:27,0
DA:28,0
DA:30,0
DA:31,0
DA:33,0
DA:35,0
DA:36,0
DA:37,0
DA:38,0
DA:39,0
DA:40,0
DA:42,0
DA:43,0
DA:45,0
DA:47,0
DA:48,0
DA:49,0
DA:50,0
DA:51,0
DA:52,0
DA:54,0
DA:55,0
DA:57,0
DA:81,0
DA:82,0
DA:83,0
DA:84,0
DA:85,0
DA:86,0
DA:87,0
DA:101,0
DA:103,0
DA:104,0
DA:105,0
DA:106,0
DA:108,0
DA:109,0
DA:110,0
DA:111,0
DA:112,0
DA:133,0
DA:134,0
DA:135,0
DA:162,0
DA:163,0
DA:164,0
DA:194,0
DA:195,0
DA:196,0
DA:197,0
DA:198,0
DA:199,0
DA:200,0
DA:201,0
DA:202,0
DA:203,0
DA:204,0
DA:205,0
DA:206,0
DA:207,0
DA:208,0
DA:209,0
DA:210,0
DA:211,0
DA:212,0
DA:250,3
DA:251,3
DA:252,3
DA:253,3
DA:259,0
DA:265,0
DA:266,0
DA:273,0
DA:274,0
BRF:0
BRH:0
LF:84
LH:4
end_of_record
SF:/home/balaji/RustroverProjects/Titan/src/application/actors/flight_registry.rs
FN:28,_RNCNvMNtNtNtCsI6NLFzJnY4_5poros11application6actors15flight_registryNtB4_14FlightRegistry3new0Ba_
FN:42,_RNCNvXs_NtNtNtCsI6NLFzJnY4_5poros11application6actors15flight_registryNtB6_14FlightRegistryNtNtCslyLm8eLQtsl_5actix5actor5Actor7started0Bc_
FN:28,_RNvMNtNtNtCsI6NLFzJnY4_5poros11application6actors15flight_registryNtB2_14FlightRegistry3new
FN:60,_RNvXs0_NtNtNtCsI6NLFzJnY4_5poros11application6actors15flight_registryNtB5_14FlightRegistryINtNtCslyLm8eLQtsl_5actix7handler7HandlerNtB5_11CheckFlightE6handle
FN:77,_RNvXs1_NtNtNtCsI6NLFzJnY4_5poros11application6actors15flight_registryNtB5_14FlightRegistryINtNtCslyLm8eLQtsl_5actix7handler7HandlerNtB5_11ListFlightsE6handle
FN:106,_RNvXs2_NtNtNtCsI6NLFzJnY4_5poros11application6actors15flight_registryNtB5_14FlightRegistryINtNtCslyLm8eLQtsl_5actix7handler7HandlerNtB5_14RegisterFlightE6handle
FN:125,_RNvXs3_NtNtNtCsI6NLFzJnY4_5poros11application6actors15flight_registryNtB5_14FlightRegistryINtNtCslyLm8eLQtsl_5actix7handler7HandlerNtB5_10FlightDataE6handle
FN:147,_RNvXs6_NtNtNtCsI6NLFzJnY4_5poros11application6actors15flight_registryNtB5_18MockFlightRegistryINtNtCslyLm8eLQtsl_5actix7handler7HandlerNtB5_11CheckFlightE6handle
FN:156,_RNvXs7_NtNtNtCsI6NLFzJnY4_5poros11application6actors15flight_registryNtB5_18MockFlightRegistryINtNtCslyLm8eLQtsl_5actix7handler7HandlerNtB5_11ListFlightsE6handle
FN:165,_RNvXs8_NtNtNtCsI6NLFzJnY4_5poros11application6actors15flight_registryNtB5_18MockFlightRegistryINtNtCslyLm8eLQtsl_5actix7handler7HandlerNtNtNtNtBb_3api4http5regex12RegexRequestE6handle
FN:39,_RNvXs_NtNtNtCsI6NLFzJnY4_5poros11application6actors15flight_registryNtB4_14FlightRegistryNtNtCslyLm8eLQtsl_5actix5actor5Actor7started
FNDA:0,_RNCNvMNtNtNtCsI6NLFzJnY4_5poros11application6actors15flight_registryNtB4_14FlightRegistry3new0Ba_
FNDA:0,_RNCNvXs_NtNtNtCsI6NLFzJnY4_5poros11application6actors15flight_registryNtB6_14FlightRegistryNtNtCslyLm8eLQtsl_5actix5actor5Actor7started0Bc_
FNDA:0,_RNvMNtNtNtCsI6NLFzJnY4_5poros11application6actors15flight_registryNtB2_14FlightRegistry3new
FNDA:0,_RNvXs0_NtNtNtCsI6NLFzJnY4_5poros11application6actors15flight_registryNtB5_14FlightRegistryINtNtCslyLm8eLQtsl_5actix7handler7HandlerNtB5_11CheckFlightE6handle
FNDA:0,_RNvXs1_NtNtNtCsI6NLFzJnY4_5poros11application6actors15flight_registryNtB5_14FlightRegistryINtNtCslyLm8eLQtsl_5actix7handler7HandlerNtB5_11ListFlightsE6handle
FNDA:0,_RNvXs2_NtNtNtCsI6NLFzJnY4_5poros11application6actors15flight_registryNtB5_14FlightRegistryINtNtCslyLm8eLQtsl_5actix7handler7HandlerNtB5_14RegisterFlightE6handle
FNDA:0,_RNvXs3_NtNtNtCsI6NLFzJnY4_5poros11application6actors15flight_registryNtB5_14FlightRegistryINtNtCslyLm8eLQtsl_5actix7handler7HandlerNtB5_10FlightDataE6handle
FNDA:0,_RNvXs6_NtNtNtCsI6NLFzJnY4_5poros11application6actors15flight_registryNtB5_18MockFlightRegistryINtNtCslyLm8eLQtsl_5actix7handler7HandlerNtB5_11CheckFlightE6handle
FNDA:0,_RNvXs7_NtNtNtCsI6NLFzJnY4_5poros11application6actors15flight_registryNtB5_18MockFlightRegistryINtNtCslyLm8eLQtsl_5actix7handler7HandlerNtB5_11ListFlightsE6handle
FNDA:0,_RNvXs8_NtNtNtCsI6NLFzJnY4_5poros11application6actors15flight_registryNtB5_18MockFlightRegistryINtNtCslyLm8eLQtsl_5actix7handler7HandlerNtNtNtNtBb_3api4http5regex12RegexRequestE6handle
FNDA:0,_RNvXs_NtNtNtCsI6NLFzJnY4_5poros11application6actors15flight_registryNtB4_14FlightRegistryNtNtCslyLm8eLQtsl_5actix5actor5Actor7started
FNF:11
FNH:0
DA:28,0
DA:29,0
DA:30,0
DA:31,0
DA:32,0
DA:33,0
DA:39,0
DA:40,0
DA:41,0
DA:42,0
DA:44,0
DA:45,0
DA:46,0
DA:47,0
DA:60,0
DA:61,0
DA:62,0
DA:63,0
DA:65,0
DA:77,0
DA:78,0
DA:79,0
DA:80,0
DA:81,0
DA:83,0
DA:85,0
DA:106,0
DA:107,0
DA:108,0
DA:109,0
DA:110,0
DA:111,0
DA:112,0
DA:125,0
DA:126,0
DA:147,0
DA:148,0
DA:156,0
DA:157,0
DA:165,0
DA:166,0
BRF:0
BRH:0
LF:43
LH:0
end_of_record
SF:/home/balaji/RustroverProjects/Titan/src/application/actors/iceberg.rs
FN:65,_RNCNvXs_NtNtNtCsI6NLFzJnY4_5poros11application6actors7icebergNtB6_12IcebergActorNtNtCslyLm8eLQtsl_5actix5actor5Actor7started0Bc_
FN:30,_RNvMNtNtNtCsI6NLFzJnY4_5poros11application6actors7icebergNtB2_12IcebergActor3new
FN:53,_RNvMNtNtNtCsI6NLFzJnY4_5poros11application6actors7icebergNtB2_12IcebergActor5write
FN:44,_RNvMNtNtNtCsI6NLFzJnY4_5poros11application6actors7icebergNtB2_12IcebergActor7default
FN:83,_RNvXs1_NtNtNtCsI6NLFzJnY4_5poros11application6actors7icebergNtB5_12IcebergActorINtNtCslyLm8eLQtsl_5actix7handler7HandlerNtB5_16FlushInstructionE6handle
FN:103,_RNvXs3_NtNtNtCsI6NLFzJnY4_5poros11application6actors7icebergNtB5_16MockIcebergActorINtNtCslyLm8eLQtsl_5actix7handler7HandlerNtB5_16FlushInstructionE6handle
FN:62,_RNvXs_NtNtNtCsI6NLFzJnY4_5poros11application6actors7icebergNtB4_12IcebergActorNtNtCslyLm8eLQtsl_5actix5actor5Actor7started
FNDA:0,_RNCNvXs_NtNtNtCsI6NLFzJnY4_5poros11application6actors7icebergNtB6_12IcebergActorNtNtCslyLm8eLQtsl_5actix5actor5Actor7started0Bc_
FNDA:0,_RNvMNtNtNtCsI6NLFzJnY4_5poros11application6actors7icebergNtB2_12IcebergActor3new
FNDA:0,_RNvMNtNtNtCsI6NLFzJnY4_5poros11application6actors7icebergNtB2_12IcebergActor5write
FNDA:0,_RNvMNtNtNtCsI6NLFzJnY4_5poros11application6actors7icebergNtB2_12IcebergActor7default
FNDA:0,_RNvXs1_NtNtNtCsI6NLFzJnY4_5poros11application6actors7icebergNtB5_12IcebergActorINtNtCslyLm8eLQtsl_5actix7handler7HandlerNtB5_16FlushInstructionE6handle
FNDA:0,_RNvXs3_NtNtNtCsI6NLFzJnY4_5poros11application6actors7icebergNtB5_16MockIcebergActorINtNtCslyLm8eLQtsl_5actix7handler7HandlerNtB5_16FlushInstructionE6handle
FNDA:0,_RNvXs_NtNtNtCsI6NLFzJnY4_5poros11application6actors7icebergNtB4_12IcebergActorNtNtCslyLm8eLQtsl_5actix5actor5Actor7started
FNF:7
FNH:0
DA:30,0
DA:31,0
DA:32,0
DA:33,0
DA:34,0
DA:35,0
DA:36,0
DA:37,0
DA:38,0
DA:39,0
DA:40,0
DA:41,0
DA:42,0
DA:44,0
DA:45,0
DA:46,0
DA:47,0
DA:48,0
DA:49,0
DA:50,0
DA:51,0
DA:53,0
DA:56,0
DA:62,0
DA:63,0
DA:64,0
DA:65,0
DA:67,0
DA:68,0
DA:69,0
DA:70,0
DA:83,0
DA:84,0
DA:103,0
DA:104,0
BRF:0
BRH:0
LF:36
LH:0
end_of_record
SF:/home/balaji/RustroverProjects/Titan/src/application/actors/init.rs
FN:98,_RNvNtNtNtCsI6NLFzJnY4_5poros11application6actors4init11init_actors
FN:98,_RNCNvNtNtNtCsI6NLFzJnY4_5poros11application6actors4init11init_actors0B9_
FN:155,_RNvNtNtNtNtCsI6NLFzJnY4_5poros11application6actors4init5tests13setup_test_db
FN:164,_RNvNtNtNtNtCsI6NLFzJnY4_5poros11application6actors4init5tests20create_test_settings
FN:155,_RNCNvNtNtNtNtCsI6NLFzJnY4_5poros11application6actors4init5tests13setup_test_db0Bb_
FNDA:2,_RNvNtNtNtCsI6NLFzJnY4_5poros11application6actors4init11init_actors
FNDA:2,_RNCNvNtNtNtCsI6NLFzJnY4_5poros11application6actors4init11init_actors0B9_
FNDA:2,_RNvNtNtNtNtCsI6NLFzJnY4_5poros11application6actors4init5tests13setup_test_db
FNDA:2,_RNvNtNtNtNtCsI6NLFzJnY4_5poros11application6actors4init5tests20create_test_settings
FNDA:2,_RNCNvNtNtNtNtCsI6NLFzJnY4_5poros11application6actors4init5tests13setup_test_db0Bb_
FNF:5
FNH:5
DA:98,2
DA:99,2
DA:100,2
DA:101,2
DA:102,2
DA:103,2
DA:104,2
DA:105,2
DA:106,2
DA:108,2
DA:109,2
DA:110,2
DA:111,2
DA:112,2
DA:113,2
DA:114,2
DA:115,2
DA:116,2
DA:117,2
DA:118,2
DA:119,2
DA:120,2
DA:121,2
DA:122,2
DA:123,2
DA:125,2
DA:126,2
DA:127,2
DA:128,2
DA:129,2
DA:131,2
DA:132,2
DA:133,2
DA:134,2
DA:135,2
DA:136,2
DA:137,2
DA:138,2
DA:140,2
DA:141,2
DA:155,2
DA:156,2
DA:157,2
DA:158,2
DA:159,2
DA:160,2
DA:161,2
DA:162,2
DA:164,2
DA:165,2
DA:166,2
DA:167,2
DA:168,2
DA:169,2
DA:170,2
DA:171,2
DA:172,2
DA:173,2
DA:175,2
DA:176,2
DA:177,2
DA:178,2
DA:179,2
DA:180,2
DA:181,2
DA:182,2
DA:183,2
BRF:0
BRH:0
LF:69
LH:69
end_of_record
SF:/home/balaji/RustroverProjects/Titan/src/application/actors/parser.rs
FN:160,_RNCNvNtNtNtCsI6NLFzJnY4_5poros11application6actors6parser16fast_regex_match0B9_
FN:38,_RNvMNtNtNtCsI6NLFzJnY4_5poros11application6actors6parserNtB2_12ParsingActor3new
FN:30,_RNvMNtNtNtCsI6NLFzJnY4_5poros11application6actors6parserNtB2_12ParsingActor7default
FN:194,_RNvMs2_NtNtNtCsI6NLFzJnY4_5poros11application6actors6parserNtB5_16MockParsingActor3new
FN:159,_RNvNtNtNtCsI6NLFzJnY4_5poros11application6actors6parser16fast_regex_match
FN:180,_RNvNtNtNtCsI6NLFzJnY4_5poros11application6actors6parser22get_flight_and_schemas
FN:175,_RNvNtNtNtCsI6NLFzJnY4_5poros11application6actors6parser26get_patterns_from_database
FN:214,_RNvXs4_NtNtNtCsI6NLFzJnY4_5poros11application6actors6parserNtB5_16MockParsingActorINtNtCslyLm8eLQtsl_5actix7handler7HandlerNtNtB7_9broadcast18RecordBatchWrapperE6handle
FN:53,_RNvXs_NtNtNtCsI6NLFzJnY4_5poros11application6actors6parserNtB4_12ParsingActorNtNtCslyLm8eLQtsl_5actix5actor5Actor7started
FN:84,_RNCNvXs1_NtNtNtCsI6NLFzJnY4_5poros11application6actors6parserNtB7_12ParsingActorINtNtCslyLm8eLQtsl_5actix7handler7HandlerNtNtB9_9broadcast18RecordBatchWrapperE6handle0Bd_
FN:66,_RNvXs0_NtNtNtCsI6NLFzJnY4_5poros11application6actors6parserNtB5_12ParsingActorINtNtCslyLm8eLQtsl_5actix7handler7HandlerNtNtNtNtBb_3api4http5regex12RegexRequestE6handle
FN:81,_RNvXs1_NtNtNtCsI6NLFzJnY4_5poros11application6actors6parserNtB5_12ParsingActorINtNtCslyLm8eLQtsl_5actix7handler7HandlerNtNtB7_9broadcast18RecordBatchWrapperE6handle
FN:203,_RNvXs3_NtNtNtCsI6NLFzJnY4_5poros11application6actors6parserNtB5_16MockParsingActorNtNtCslyLm8eLQtsl_5actix5actor5Actor7started
FN:222,_RNvXs5_NtNtNtCsI6NLFzJnY4_5poros11application6actors6parserNtB5_16MockParsingActorINtNtCslyLm8eLQtsl_5actix7handler7HandlerNtNtNtNtBb_3api4http5regex12RegexRequestE6handle
FN:239,_RNvXs6_NtNtNtCsI6NLFzJnY4_5poros11application6actors6parserNtB5_16MockParsingActorINtNtCslyLm8eLQtsl_5actix7handler7HandlerNtB5_9DumpRegexE6handle
FNDA:0,_RNCNvNtNtNtCsI6NLFzJnY4_5poros11application6actors6parser16fast_regex_match0B9_
FNDA:0,_RNvMNtNtNtCsI6NLFzJnY4_5poros11application6actors6parserNtB2_12ParsingActor3new
FNDA:0,_RNvMNtNtNtCsI6NLFzJnY4_5poros11application6actors6parserNtB2_12ParsingActor7default
FNDA:0,_RNvMs2_NtNtNtCsI6NLFzJnY4_5poros11application6actors6parserNtB5_16MockParsingActor3new
FNDA:0,_RNvNtNtNtCsI6NLFzJnY4_5poros11application6actors6parser16fast_regex_match
FNDA:0,_RNvNtNtNtCsI6NLFzJnY4_5poros11application6actors6parser22get_flight_and_schemas
FNDA:0,_RNvNtNtNtCsI6NLFzJnY4_5poros11application6actors6parser26get_patterns_from_database
FNDA:0,_RNvXs4_NtNtNtCsI6NLFzJnY4_5poros11application6actors6parserNtB5_16MockParsingActorINtNtCslyLm8eLQtsl_5actix7handler7HandlerNtNtB7_9broadcast18RecordBatchWrapperE6handle
FNDA:0,_RNvXs_NtNtNtCsI6NLFzJnY4_5poros11application6actors6parserNtB4_12ParsingActorNtNtCslyLm8eLQtsl_5actix5actor5Actor7started
FNDA:0,_RNCNvXs1_NtNtNtCsI6NLFzJnY4_5poros11application6actors6parserNtB7_12ParsingActorINtNtCslyLm8eLQtsl_5actix7handler7HandlerNtNtB9_9broadcast18RecordBatchWrapperE6handle0Bd_
FNDA:0,_RNvXs0_NtNtNtCsI6NLFzJnY4_5poros11application6actors6parserNtB5_12ParsingActorINtNtCslyLm8eLQtsl_5actix7handler7HandlerNtNtNtNtBb_3api4http5regex12RegexRequestE6handle
FNDA:0,_RNvXs1_NtNtNtCsI6NLFzJnY4_5poros11application6actors6parserNtB5_12ParsingActorINtNtCslyLm8eLQtsl_5actix7handler7HandlerNtNtB7_9broadcast18RecordBatchWrapperE6handle
FNDA:3,_RNvXs3_NtNtNtCsI6NLFzJnY4_5poros11application6actors6parserNtB5_16MockParsingActorNtNtCslyLm8eLQtsl_5actix5actor5Actor7started
FNDA:1,_RNvXs5_NtNtNtCsI6NLFzJnY4_5poros11application6actors6parserNtB5_16MockParsingActorINtNtCslyLm8eLQtsl_5actix7handler7HandlerNtNtNtNtBb_3api4http5regex12RegexRequestE6handle
FNDA:1,_RNvXs6_NtNtNtCsI6NLFzJnY4_5poros11application6actors6parserNtB5_16MockParsingActorINtNtCslyLm8eLQtsl_5actix7handler7HandlerNtB5_9DumpRegexE6handle
FNF:15
FNH:3
DA:30,0
DA:31,0
DA:32,0
DA:33,0
DA:34,0
DA:35,0
DA:36,0
DA:38,0
DA:39,0
DA:40,0
DA:42,0
DA:43,0
DA:44,0
DA:45,0
DA:46,0
DA:47,0
DA:53,0
DA:54,0
DA:55,0
DA:57,0
DA:58,0
DA:59,0
DA:66,0
DA:67,0
DA:68,0
DA:69,0
DA:70,0
DA:81,0
DA:82,0
DA:83,0
DA:84,0
DA:85,0
DA:86,0
DA:87,0
DA:88,0
DA:90,0
DA:91,0
DA:92,0
DA:94,0
DA:95,0
DA:96,0
DA:97,0
DA:99,0
DA:100,0
DA:101,0
DA:102,0
DA:104,0
DA:106,0
DA:150,0
DA:159,0
DA:160,0
DA:161,0
DA:163,0
DA:164,0
DA:165,0
DA:166,0
DA:167,0
DA:168,0
DA:171,0
DA:172,0
DA:175,0
DA:176,0
DA:180,0
DA:181,0
DA:194,0
DA:195,0
DA:196,0
DA:203,3
DA:204,3
DA:205,3
DA:206,3
DA:207,3
DA:208,3
DA:214,0
DA:215,0
DA:222,1
DA:223,1
DA:224,1
DA:225,1
DA:226,1
DA:239,1
DA:240,1
DA:241,1
BRF:0
BRH:0
LF:85
LH:14
end_of_record
SF:/home/balaji/RustroverProjects/Titan/src/application/actors/wal.rs
FN:38,_RNCNvXNtNtNtCsI6NLFzJnY4_5poros11application6actors3walNtB4_8WalActorNtNtCslyLm8eLQtsl_5actix5actor5Actor7started0Ba_
FN:47,_RNvMs_NtNtNtCsI6NLFzJnY4_5poros11application6actors3walNtB4_8WalActor3new
FN:35,_RNvXNtNtNtCsI6NLFzJnY4_5poros11application6actors3walNtB2_8WalActorNtNtCslyLm8eLQtsl_5actix5actor5Actor7started
FN:67,_RNvXs0_NtNtNtCsI6NLFzJnY4_5poros11application6actors3walNtB5_8WalActorINtNtCslyLm8eLQtsl_5actix7handler7HandlerNtNtB7_9broadcast18RecordBatchWrapperE6handle
FNDA:0,_RNCNvXNtNtNtCsI6NLFzJnY4_5poros11application6actors3walNtB4_8WalActorNtNtCslyLm8eLQtsl_5actix5actor5Actor7started0Ba_
FNDA:0,_RNvMs_NtNtNtCsI6NLFzJnY4_5poros11application6actors3walNtB4_8WalActor3new
FNDA:0,_RNvXNtNtNtCsI6NLFzJnY4_5poros11application6actors3walNtB2_8WalActorNtNtCslyLm8eLQtsl_5actix5actor5Actor7started
FNDA:0,_RNvXs0_NtNtNtCsI6NLFzJnY4_5poros11application6actors3walNtB5_8WalActorINtNtCslyLm8eLQtsl_5actix7handler7HandlerNtNtB7_9broadcast18RecordBatchWrapperE6handle
FNF:4
FNH:0
DA:35,0
DA:36,0
DA:37,0
DA:38,0
DA:40,0
DA:41,0
DA:42,0
DA:43,0
DA:47,0
DA:48,0
DA:49,0
DA:50,0
DA:51,0
DA:52,0
DA:53,0
DA:54,0
DA:55,0
DA:56,0
DA:57,0
DA:58,0
DA:67,0
DA:68,0
DA:69,0
DA:70,0
DA:71,0
DA:73,0
DA:74,0
DA:76,0
DA:77,0
DA:79,0
DA:80,0
DA:81,0
DA:82,0
DA:83,0
BRF:0
BRH:0
LF:35
LH:0
end_of_record
SF:/home/balaji/RustroverProjects/Titan/src/application/actors/wal_test.rs
FN:10,_RNvMNtNtNtNtCsI6NLFzJnY4_5poros11application6actors8wal_test4testNtB2_12MockWalActor3new
FN:25,_RNvXs0_NtNtNtNtCsI6NLFzJnY4_5poros11application6actors8wal_test4testNtB5_12MockWalActorINtNtCslyLm8eLQtsl_5actix7handler7HandlerNtNtB9_9broadcast18RecordBatchWrapperE6handle
FN:18,_RNvXs_NtNtNtNtCsI6NLFzJnY4_5poros11application6actors8wal_test4testNtB4_12MockWalActorNtNtCslyLm8eLQtsl_5actix5actor5Actor7started
FNDA:3,_RNvMNtNtNtNtCsI6NLFzJnY4_5poros11application6actors8wal_test4testNtB2_12MockWalActor3new
FNDA:0,_RNvXs0_NtNtNtNtCsI6NLFzJnY4_5poros11application6actors8wal_test4testNtB5_12MockWalActorINtNtCslyLm8eLQtsl_5actix7handler7HandlerNtNtB9_9broadcast18RecordBatchWrapperE6handle
FNDA:3,_RNvXs_NtNtNtNtCsI6NLFzJnY4_5poros11application6actors8wal_test4testNtB4_12MockWalActorNtNtCslyLm8eLQtsl_5actix5actor5Actor7started
FNF:3
FNH:2
DA:10,3
DA:11,3
DA:12,3
DA:18,3
DA:19,3
DA:20,3
DA:25,0
DA:26,0
DA:27,0
BRF:0
BRH:0
LF:9
LH:6
end_of_record
SF:/home/balaji/RustroverProjects/Titan/src/config/database_conf.rs
FN:25,_RNvMNtNtCsI6NLFzJnY4_5poros6config13database_confNtB2_12DatabaseType6as_str
FN:34,_RNvMs_NtNtCsI6NLFzJnY4_5poros6config13database_confNtB4_12DatabaseConf17connection_string
FN:55,_RNvNtNtCsI6NLFzJnY4_5poros6config13database_conf18ensure_file_exists
FNDA:0,_RNvMNtNtCsI6NLFzJnY4_5poros6config13database_confNtB2_12DatabaseType6as_str
FNDA:0,_RNvMs_NtNtCsI6NLFzJnY4_5poros6config13database_confNtB4_12DatabaseConf17connection_string
FNDA:0,_RNvNtNtCsI6NLFzJnY4_5poros6config13database_conf18ensure_file_exists
FNF:3
FNH:0
DA:25,0
DA:26,0
DA:27,0
DA:28,0
DA:30,0
DA:34,0
DA:35,0
DA:37,0
DA:38,0
DA:40,0
DA:47,0
DA:48,0
DA:49,0
DA:52,0
DA:55,0
DA:56,0
DA:58,0
DA:59,0
DA:60,0
DA:62,0
DA:63,0
DA:64,0
DA:65,0
DA:66,0
DA:69,0
DA:71,0
DA:72,0
DA:75,0
DA:76,0
BRF:0
BRH:0
LF:29
LH:0
end_of_record
SF:/home/balaji/RustroverProjects/Titan/src/config/yaml_reader.rs
FN:20,_RNvNtNtCsI6NLFzJnY4_5poros6config11yaml_reader18read_configuration
FNDA:0,_RNvNtNtCsI6NLFzJnY4_5poros6config11yaml_reader18read_configuration
FNF:1
FNH:0
DA:20,0
DA:21,0
DA:22,0
DA:23,0
DA:24,0
DA:25,0
DA:27,0
DA:28,0
BRF:0
BRH:0
LF:8
LH:0
end_of_record
SF:/home/balaji/RustroverProjects/Titan/src/core/db/factory/database_factory.rs
FN:33,_RNCNvNtNtNtNtCsI6NLFzJnY4_5poros4core2db7factory16database_factory6create0Bb_
FN:67,_RNCNvXs8_NtNtNtNtCsI6NLFzJnY4_5poros4core2db7factory16database_factoryNtB7_12PostgresPoolNtB7_12DatabasePool13execute_query0Bf_
FN:83,_RNCNvXsb_NtNtNtNtCsI6NLFzJnY4_5poros4core2db7factory16database_factoryNtB7_10SQLitePoolNtB7_12DatabasePool13execute_query0Bf_
FN:123,_RNvMs1_NtNtNtNtCsI6NLFzJnY4_5poros4core2db7factory16database_factoryNtB5_26PostgresRepositoryProvider3new
FN:33,_RNvNtNtNtNtCsI6NLFzJnY4_5poros4core2db7factory16database_factory6create
FN:55,_RNvXNtNtNtNtCsI6NLFzJnY4_5poros4core2db7factory16database_factoryINtNtCsaFPxhswmqCN_5alloc5boxed3BoxDNtB2_12DatabasePoolEL_ENtNtCs1p5UDGgVI4d_4core5clone5Clone5clone
FN:132,_RNvXs2_NtNtNtNtCsI6NLFzJnY4_5poros4core2db7factory16database_factoryNtB5_26PostgresRepositoryProviderNtB5_18RepositoryProvider17schema_repository
FN:67,_RNvXs8_NtNtNtNtCsI6NLFzJnY4_5poros4core2db7factory16database_factoryNtB5_12PostgresPoolNtB5_12DatabasePool13execute_query
FN:71,_RNvXs8_NtNtNtNtCsI6NLFzJnY4_5poros4core2db7factory16database_factoryNtB5_12PostgresPoolNtB5_12DatabasePool9clone_box
FN:83,_RNvXsb_NtNtNtNtCsI6NLFzJnY4_5poros4core2db7factory16database_factoryNtB5_10SQLitePoolNtB5_12DatabasePool13execute_query
FN:88,_RNvXsb_NtNtNtNtCsI6NLFzJnY4_5poros4core2db7factory16database_factoryNtB5_10SQLitePoolNtB5_12DatabasePool9clone_box
FN:104,_RNvMs_NtNtNtNtCsI6NLFzJnY4_5poros4core2db7factory16database_factoryNtB4_24SqliteRepositoryProvider3new
FN:113,_RNvXs0_NtNtNtNtCsI6NLFzJnY4_5poros4core2db7factory16database_factoryNtB5_24SqliteRepositoryProviderNtB5_18RepositoryProvider17schema_repository
FNDA:0,_RNCNvNtNtNtNtCsI6NLFzJnY4_5poros4core2db7factory16database_factory6create0Bb_
FNDA:0,_RNCNvXs8_NtNtNtNtCsI6NLFzJnY4_5poros4core2db7factory16database_factoryNtB7_12PostgresPoolNtB7_12DatabasePool13execute_query0Bf_
FNDA:0,_RNCNvXsb_NtNtNtNtCsI6NLFzJnY4_5poros4core2db7factory16database_factoryNtB7_10SQLitePoolNtB7_12DatabasePool13execute_query0Bf_
FNDA:0,_RNvMs1_NtNtNtNtCsI6NLFzJnY4_5poros4core2db7factory16database_factoryNtB5_26PostgresRepositoryProvider3new
FNDA:0,_RNvNtNtNtNtCsI6NLFzJnY4_5poros4core2db7factory16database_factory6create
FNDA:0,_RNvXNtNtNtNtCsI6NLFzJnY4_5poros4core2db7factory16database_factoryINtNtCsaFPxhswmqCN_5alloc5boxed3BoxDNtB2_12DatabasePoolEL_ENtNtCs1p5UDGgVI4d_4core5clone5Clone5clone
FNDA:0,_RNvXs2_NtNtNtNtCsI6NLFzJnY4_5poros4core2db7factory16database_factoryNtB5_26PostgresRepositoryProviderNtB5_18RepositoryProvider17schema_repository
FNDA:0,_RNvXs8_NtNtNtNtCsI6NLFzJnY4_5poros4core2db7factory16database_factoryNtB5_12PostgresPoolNtB5_12DatabasePool13execute_query
FNDA:0,_RNvXs8_NtNtNtNtCsI6NLFzJnY4_5poros4core2db7factory16database_factoryNtB5_12PostgresPoolNtB5_12DatabasePool9clone_box
FNDA:0,_RNvXsb_NtNtNtNtCsI6NLFzJnY4_5poros4core2db7factory16database_factoryNtB5_10SQLitePoolNtB5_12DatabasePool13execute_query
FNDA:0,_RNvXsb_NtNtNtNtCsI6NLFzJnY4_5poros4core2db7factory16database_factoryNtB5_10SQLitePoolNtB5_12DatabasePool9clone_box
FNDA:2,_RNvMs_NtNtNtNtCsI6NLFzJnY4_5poros4core2db7factory16database_factoryNtB4_24SqliteRepositoryProvider3new
FNDA:0,_RNvXs0_NtNtNtNtCsI6NLFzJnY4_5poros4core2db7factory16database_factoryNtB5_24SqliteRepositoryProviderNtB5_18RepositoryProvider17schema_repository
FNF:11
FNH:1
DA:33,0
DA:34,0
DA:36,0
DA:37,0
DA:40,0
DA:41,0
DA:44,0
DA:55,0
DA:56,0
DA:57,0
DA:67,0
DA:68,0
DA:69,0
DA:71,0
DA:72,0
DA:73,0
DA:83,0
DA:84,0
DA:85,0
DA:86,0
DA:88,0
DA:89,0
DA:90,0
DA:104,2
DA:105,2
DA:106,2
DA:107,2
DA:108,2
DA:109,2
DA:113,0
DA:114,0
DA:115,0
DA:123,0
DA:124,0
DA:125,0
DA:126,0
DA:127,0
DA:128,0
DA:132,0
DA:133,0
DA:134,0
BRF:0
BRH:0
LF:42
LH:6
end_of_record
SF:/home/balaji/RustroverProjects/Titan/src/core/db/factory/pg_database_factory.rs
FN:14,_RNCNvXNtNtNtNtCsI6NLFzJnY4_5poros4core2db7factory19pg_database_factoryNtB4_17PGDatabaseFactoryNtNtB6_16database_factory15DatabaseFactory11create_pool0Bc_
FN:14,_RNvXNtNtNtNtCsI6NLFzJnY4_5poros4core2db7factory19pg_database_factoryNtB2_17PGDatabaseFactoryNtNtB4_16database_factory15DatabaseFactory11create_pool
FNDA:0,_RNCNvXNtNtNtNtCsI6NLFzJnY4_5poros4core2db7factory19pg_database_factoryNtB4_17PGDatabaseFactoryNtNtB6_16database_factory15DatabaseFactory11create_pool0Bc_
FNDA:0,_RNvXNtNtNtNtCsI6NLFzJnY4_5poros4core2db7factory19pg_database_factoryNtB2_17PGDatabaseFactoryNtNtB4_16database_factory15DatabaseFactory11create_pool
FNF:1
FNH:0
DA:14,0
DA:16,0
DA:17,0
DA:18,0
DA:19,0
DA:21,0
DA:22,0
DA:23,0
DA:26,0
DA:27,0
DA:29,0
DA:31,0
DA:32,0
DA:33,0
DA:34,0
DA:35,0
BRF:0
BRH:0
LF:16
LH:0
end_of_record
SF:/home/balaji/RustroverProjects/Titan/src/core/db/factory/sqlite_database_factory.rs
FN:14,_RNCNvXNtNtNtNtCsI6NLFzJnY4_5poros4core2db7factory23sqlite_database_factoryNtB4_21SqliteDatabaseFactoryNtNtB6_16database_factory15DatabaseFactory11create_pool0Bc_
FN:14,_RNvXNtNtNtNtCsI6NLFzJnY4_5poros4core2db7factory23sqlite_database_factoryNtB2_21SqliteDatabaseFactoryNtNtB4_16database_factory15DatabaseFactory11create_pool
FNDA:0,_RNCNvXNtNtNtNtCsI6NLFzJnY4_5poros4core2db7factory23sqlite_database_factoryNtB4_21SqliteDatabaseFactoryNtNtB6_16database_factory15DatabaseFactory11create_pool0Bc_
FNDA:0,_RNvXNtNtNtNtCsI6NLFzJnY4_5poros4core2db7factory23sqlite_database_factoryNtB2_21SqliteDatabaseFactoryNtNtB4_16database_factory15DatabaseFactory11create_pool
FNF:1
FNH:0
DA:14,0
DA:15,0
DA:16,0
DA:17,0
DA:18,0
DA:19,0
DA:20,0
DA:21,0
DA:22,0
DA:23,0
DA:24,0
DA:25,0
DA:26,0
DA:29,0
DA:30,0
DA:32,0
DA:34,0
DA:35,0
BRF:0
BRH:0
LF:18
LH:0
end_of_record
SF:/home/balaji/RustroverProjects/Titan/src/core/db/mod.rs
FN:14,_RNCNvNtNtCsI6NLFzJnY4_5poros4core2db17init_repositories0B7_
FN:14,_RNvNtNtCsI6NLFzJnY4_5poros4core2db17init_repositories
FNDA:0,_RNCNvNtNtCsI6NLFzJnY4_5poros4core2db17init_repositories0B7_
FNDA:0,_RNvNtNtCsI6NLFzJnY4_5poros4core2db17init_repositories
FNF:2
FNH:0
DA:14,0
DA:15,0
DA:17,0
DA:18,0
DA:19,0
DA:20,0
DA:21,0
DA:22,0
DA:23,0
DA:27,0
DA:28,0
DA:29,0
DA:30,0
DA:31,0
DA:32,0
DA:33,0
DA:38,0
DA:39,0
BRF:0
BRH:0
LF:19
LH:0
end_of_record
SF:/home/balaji/RustroverProjects/Titan/src/core/db/postgres.rs
FN:25,_RNCNvXs_NtNtNtCsI6NLFzJnY4_5poros4core2db8postgresNtB6_24PostgresSchemaRepositoryNtNtB8_10repository16SchemaRepository10get_schema0Bc_
FN:29,_RNCNvXs_NtNtNtCsI6NLFzJnY4_5poros4core2db8postgresNtB6_24PostgresSchemaRepositoryNtNtB8_10repository16SchemaRepository12list_schemas0Bc_
FN:33,_RNCNvXs_NtNtNtCsI6NLFzJnY4_5poros4core2db8postgresNtB6_24PostgresSchemaRepositoryNtNtB8_10repository16SchemaRepository13delete_schema0Bc_
FN:13,_RNCNvXs_NtNtNtCsI6NLFzJnY4_5poros4core2db8postgresNtB6_24PostgresSchemaRepositoryNtNtB8_10repository16SchemaRepository13insert_schema0Bc_
FN:25,_RNvXs_NtNtNtCsI6NLFzJnY4_5poros4core2db8postgresNtB4_24PostgresSchemaRepositoryNtNtB6_10repository16SchemaRepository10get_schema
FN:29,_RNvXs_NtNtNtCsI6NLFzJnY4_5poros4core2db8postgresNtB4_24PostgresSchemaRepositoryNtNtB6_10repository16SchemaRepository12list_schemas
FN:33,_RNvXs_NtNtNtCsI6NLFzJnY4_5poros4core2db8postgresNtB4_24PostgresSchemaRepositoryNtNtB6_10repository16SchemaRepository13delete_schema
FN:13,_RNvXs_NtNtNtCsI6NLFzJnY4_5poros4core2db8postgresNtB4_24PostgresSchemaRepositoryNtNtB6_10repository16SchemaRepository13insert_schema
FNDA:0,_RNCNvXs_NtNtNtCsI6NLFzJnY4_5poros4core2db8postgresNtB6_24PostgresSchemaRepositoryNtNtB8_10repository16SchemaRepository10get_schema0Bc_
FNDA:0,_RNCNvXs_NtNtNtCsI6NLFzJnY4_5poros4core2db8postgresNtB6_24PostgresSchemaRepositoryNtNtB8_10repository16SchemaRepository12list_schemas0Bc_
FNDA:0,_RNCNvXs_NtNtNtCsI6NLFzJnY4_5poros4core2db8postgresNtB6_24PostgresSchemaRepositoryNtNtB8_10repository16SchemaRepository13delete_schema0Bc_
FNDA:0,_RNCNvXs_NtNtNtCsI6NLFzJnY4_5poros4core2db8postgresNtB6_24PostgresSchemaRepositoryNtNtB8_10repository16SchemaRepository13insert_schema0Bc_
FNDA:0,_RNvXs_NtNtNtCsI6NLFzJnY4_5poros4core2db8postgresNtB4_24PostgresSchemaRepositoryNtNtB6_10repository16SchemaRepository10get_schema
FNDA:0,_RNvXs_NtNtNtCsI6NLFzJnY4_5poros4core2db8postgresNtB4_24PostgresSchemaRepositoryNtNtB6_10repository16SchemaRepository12list_schemas
FNDA:0,_RNvXs_NtNtNtCsI6NLFzJnY4_5poros4core2db8postgresNtB4_24PostgresSchemaRepositoryNtNtB6_10repository16SchemaRepository13delete_schema
FNDA:0,_RNvXs_NtNtNtCsI6NLFzJnY4_5poros4core2db8postgresNtB4_24PostgresSchemaRepositoryNtNtB6_10repository16SchemaRepository13insert_schema
FNF:4
FNH:0
DA:13,0
DA:15,0
DA:17,0
DA:18,0
DA:19,0
DA:20,0
DA:21,0
DA:22,0
DA:23,0
DA:25,0
DA:26,0
DA:27,0
DA:29,0
DA:30,0
DA:31,0
DA:33,0
DA:34,0
DA:35,0
BRF:0
BRH:0
LF:18
LH:0
end_of_record
SF:/home/balaji/RustroverProjects/Titan/src/core/db/repository.rs
FN:25,_RNCNCNvYNtNtNtNtCsI6NLFzJnY4_5poros4core2db6sqlite22SqliteSchemaRepositoryNtNtBa_10repository16SchemaRepository23convert_schema_to_bytes00Be_
FN:21,_RNCNvYNtNtNtNtCsI6NLFzJnY4_5poros4core2db6sqlite22SqliteSchemaRepositoryNtNtB8_10repository16SchemaRepository23convert_schema_to_bytes0Bc_
FN:21,_RNvYNtNtNtNtCsI6NLFzJnY4_5poros4core2db6sqlite22SqliteSchemaRepositoryNtNtB6_10repository16SchemaRepository23convert_schema_to_bytesBa_
FNDA:0,_RNCNCNvYNtNtNtNtCsI6NLFzJnY4_5poros4core2db6sqlite22SqliteSchemaRepositoryNtNtBa_10repository16SchemaRepository23convert_schema_to_bytes00Be_
FNDA:0,_RNCNvYNtNtNtNtCsI6NLFzJnY4_5poros4core2db6sqlite22SqliteSchemaRepositoryNtNtB8_10repository16SchemaRepository23convert_schema_to_bytes0Bc_
FNDA:0,_RNvYNtNtNtNtCsI6NLFzJnY4_5poros4core2db6sqlite22SqliteSchemaRepositoryNtNtB6_10repository16SchemaRepository23convert_schema_to_bytesBa_
FNF:2
FNH:0
DA:21,0
DA:22,0
DA:23,0
DA:24,0
DA:25,0
DA:26,0
DA:27,0
DA:28,0
DA:29,0
BRF:0
BRH:0
LF:10
LH:0
end_of_record
SF:/home/balaji/RustroverProjects/Titan/src/core/db/sqlite.rs
FN:24,_RNvXs_NtNtNtCsI6NLFzJnY4_5poros4core2db6sqliteNtB4_22SqliteSchemaRepositoryNtNtB6_10repository16SchemaRepository10get_schema
FN:28,_RNvXs_NtNtNtCsI6NLFzJnY4_5poros4core2db6sqliteNtB4_22SqliteSchemaRepositoryNtNtB6_10repository16SchemaRepository12list_schemas
FN:32,_RNvXs_NtNtNtCsI6NLFzJnY4_5poros4core2db6sqliteNtB4_22SqliteSchemaRepositoryNtNtB6_10repository16SchemaRepository13delete_schema
FN:13,_RNvXs_NtNtNtCsI6NLFzJnY4_5poros4core2db6sqliteNtB4_22SqliteSchemaRepositoryNtNtB6_10repository16SchemaRepository13insert_schema
FN:24,_RNCNvXs_NtNtNtCsI6NLFzJnY4_5poros4core2db6sqliteNtB6_22SqliteSchemaRepositoryNtNtB8_10repository16SchemaRepository10get_schema0Bc_
FN:28,_RNCNvXs_NtNtNtCsI6NLFzJnY4_5poros4core2db6sqliteNtB6_22SqliteSchemaRepositoryNtNtB8_10repository16SchemaRepository12list_schemas0Bc_
FN:32,_RNCNvXs_NtNtNtCsI6NLFzJnY4_5poros4core2db6sqliteNtB6_22SqliteSchemaRepositoryNtNtB8_10repository16SchemaRepository13delete_schema0Bc_
FN:13,_RNCNvXs_NtNtNtCsI6NLFzJnY4_5poros4core2db6sqliteNtB6_22SqliteSchemaRepositoryNtNtB8_10repository16SchemaRepository13insert_schema0Bc_
FNDA:0,_RNvXs_NtNtNtCsI6NLFzJnY4_5poros4core2db6sqliteNtB4_22SqliteSchemaRepositoryNtNtB6_10repository16SchemaRepository10get_schema
FNDA:0,_RNvXs_NtNtNtCsI6NLFzJnY4_5poros4core2db6sqliteNtB4_22SqliteSchemaRepositoryNtNtB6_10repository16SchemaRepository12list_schemas
FNDA:0,_RNvXs_NtNtNtCsI6NLFzJnY4_5poros4core2db6sqliteNtB4_22SqliteSchemaRepositoryNtNtB6_10repository16SchemaRepository13delete_schema
FNDA:0,_RNvXs_NtNtNtCsI6NLFzJnY4_5poros4core2db6sqliteNtB4_22SqliteSchemaRepositoryNtNtB6_10repository16SchemaRepository13insert_schema
FNDA:0,_RNCNvXs_NtNtNtCsI6NLFzJnY4_5poros4core2db6sqliteNtB6_22SqliteSchemaRepositoryNtNtB8_10repository16SchemaRepository10get_schema0Bc_
FNDA:0,_RNCNvXs_NtNtNtCsI6NLFzJnY4_5poros4core2db6sqliteNtB6_22SqliteSchemaRepositoryNtNtB8_10repository16SchemaRepository12list_schemas0Bc_
FNDA:0,_RNCNvXs_NtNtNtCsI6NLFzJnY4_5poros4core2db6sqliteNtB6_22SqliteSchemaRepositoryNtNtB8_10repository16SchemaRepository13delete_schema0Bc_
FNDA:0,_RNCNvXs_NtNtNtCsI6NLFzJnY4_5poros4core2db6sqliteNtB6_22SqliteSchemaRepositoryNtNtB8_10repository16SchemaRepository13insert_schema0Bc_
FNF:4
FNH:0
DA:13,0
DA:14,0
DA:16,0
DA:17,0
DA:18,0
DA:19,0
DA:20,0
DA:21,0
DA:22,0
DA:24,0
DA:25,0
DA:26,0
DA:28,0
DA:29,0
DA:30,0
DA:32,0
DA:33,0
DA:34,0
BRF:0
BRH:0
LF:18
LH:0
end_of_record
SF:/home/balaji/RustroverProjects/Titan/src/core/error/exception/server_error.rs
FN:10,_RNvXNtNtNtNtCsI6NLFzJnY4_5poros4core5error9exception12server_errorNtB2_11ServerErrorNtNtCs1p5UDGgVI4d_4core3fmt7Display3fmt
FN:31,_RNvXs0_NtNtNtNtCsI6NLFzJnY4_5poros4core5error9exception12server_errorNtB5_11ServerErrorINtNtCs1p5UDGgVI4d_4core7convert4FromNtNtNtCs21ZxWzNybR_3std2io5error5ErrorE4from
FN:37,_RNvXs1_NtNtNtNtCsI6NLFzJnY4_5poros4core5error9exception12server_errorNtB5_11ServerErrorINtNtCs1p5UDGgVI4d_4core7convert4FromNtNtNtCshFChJ4CduD7_5tonic9transport5error5ErrorE4from
FN:21,_RNvXs_NtNtNtNtCsI6NLFzJnY4_5poros4core5error9exception12server_errorNtB4_11ServerErrorNtNtCs1p5UDGgVI4d_4core5error5Error6source
FNDA:0,_RNvXNtNtNtNtCsI6NLFzJnY4_5poros4core5error9exception12server_errorNtB2_11ServerErrorNtNtCs1p5UDGgVI4d_4core3fmt7Display3fmt
FNDA:0,_RNvXs0_NtNtNtNtCsI6NLFzJnY4_5poros4core5error9exception12server_errorNtB5_11ServerErrorINtNtCs1p5UDGgVI4d_4core7convert4FromNtNtNtCs21ZxWzNybR_3std2io5error5ErrorE4from
FNDA:0,_RNvXs1_NtNtNtNtCsI6NLFzJnY4_5poros4core5error9exception12server_errorNtB5_11ServerErrorINtNtCs1p5UDGgVI4d_4core7convert4FromNtNtNtCshFChJ4CduD7_5tonic9transport5error5ErrorE4from
FNDA:0,_RNvXs_NtNtNtNtCsI6NLFzJnY4_5poros4core5error9exception12server_errorNtB4_11ServerErrorNtNtCs1p5UDGgVI4d_4core5error5Error6source
FNF:4
FNH:0
DA:10,0
DA:11,0
DA:12,0
DA:13,0
DA:15,0
DA:21,0
DA:22,0
DA:23,0
DA:24,0
DA:26,0
DA:31,0
DA:32,0
DA:33,0
DA:37,0
DA:38,0
DA:39,0
BRF:0
BRH:0
LF:16
LH:0
end_of_record
SF:/home/balaji/RustroverProjects/Titan/src/core/logging/file_writer.rs
FN:14,_RNvMNtNtNtCsI6NLFzJnY4_5poros4core7logging11file_writerNtB2_10FileWriter3new
FN:46,_RNvXs0_NtNtNtCsI6NLFzJnY4_5poros4core7logging11file_writerNtB5_9FileGuardNtNtCs21ZxWzNybR_3std2io5Write5flush
FN:42,_RNvXs0_NtNtNtCsI6NLFzJnY4_5poros4core7logging11file_writerNtB5_9FileGuardNtNtCs21ZxWzNybR_3std2io5Write5write
FN:30,_RNvXs_NtNtNtCsI6NLFzJnY4_5poros4core7logging11file_writerNtB4_10FileWriterNtNtNtCs9LXMrWCd8de_18tracing_subscriber3fmt6writer10MakeWriter11make_writer
FNDA:0,_RNvMNtNtNtCsI6NLFzJnY4_5poros4core7logging11file_writerNtB2_10FileWriter3new
FNDA:0,_RNvXs0_NtNtNtCsI6NLFzJnY4_5poros4core7logging11file_writerNtB5_9FileGuardNtNtCs21ZxWzNybR_3std2io5Write5flush
FNDA:0,_RNvXs0_NtNtNtCsI6NLFzJnY4_5poros4core7logging11file_writerNtB5_9FileGuardNtNtCs21ZxWzNybR_3std2io5Write5write
FNDA:0,_RNvXs_NtNtNtCsI6NLFzJnY4_5poros4core7logging11file_writerNtB4_10FileWriterNtNtNtCs9LXMrWCd8de_18tracing_subscriber3fmt6writer10MakeWriter11make_writer
FNF:4
FNH:0
DA:14,0
DA:15,0
DA:16,0
DA:17,0
DA:18,0
DA:19,0
DA:21,0
DA:22,0
DA:23,0
DA:24,0
DA:30,0
DA:31,0
DA:32,0
DA:33,0
DA:34,0
DA:42,0
DA:43,0
DA:44,0
DA:46,0
DA:47,0
DA:48,0
BRF:0
BRH:0
LF:21
LH:0
end_of_record
SF:/home/balaji/RustroverProjects/Titan/src/core/logging/subscriber.rs
FN:8,_RINvNtNtNtCsI6NLFzJnY4_5poros4core7logging10subscriber15get_subscribersppEB8_
FN:28,_RINvNtNtNtCsI6NLFzJnY4_5poros4core7logging10subscriber15init_subscriberpEB8_
FN:14,_RNCINvNtNtNtCsI6NLFzJnY4_5poros4core7logging10subscriber15get_subscribersppE0Ba_
FNDA:0,_RINvNtNtNtCsI6NLFzJnY4_5poros4core7logging10subscriber15get_subscribersppEB8_
FNDA:0,_RINvNtNtNtCsI6NLFzJnY4_5poros4core7logging10subscriber15init_subscriberpEB8_
FNDA:0,_RNCINvNtNtNtCsI6NLFzJnY4_5poros4core7logging10subscriber15get_subscribersppE0Ba_
FNF:3
FNH:0
DA:8,0
DA:9,0
DA:10,0
DA:11,0
DA:13,0
DA:14,0
DA:16,0
DA:17,0
DA:18,0
DA:19,0
DA:20,0
DA:22,0
DA:23,0
DA:24,0
DA:25,0
DA:26,0
DA:28,0
DA:29,0
DA:30,0
DA:31,0
DA:33,0
BRF:0
BRH:0
LF:22
LH:0
end_of_record
SF:/home/balaji/RustroverProjects/Titan/src/core/schema/wal_schema_generated.rs
FN:226,_RINvMsd_NtNtNtCsI6NLFzJnY4_5poros6schema20wal_schema_generated3walNtB6_9EventMeta6createpEBc_
FN:226,_RINvMsd_NtNtNtNtCsI6NLFzJnY4_5poros4core6schema20wal_schema_generated3walNtB6_9EventMeta6createpEBe_
FN:330,_RINvMsj_NtNtNtNtCsI6NLFzJnY4_5poros4core6schema20wal_schema_generated3walNtB6_7LogMeta6createpEBe_
FN:512,_RINvMsp_NtNtNtCsI6NLFzJnY4_5poros6schema20wal_schema_generated3walNtB6_9TraceMeta6createpEBc_
FN:512,_RINvMsp_NtNtNtNtCsI6NLFzJnY4_5poros4core6schema20wal_schema_generated3walNtB6_9TraceMeta6createpEBe_
FN:666,_RINvMsv_NtNtNtNtCsI6NLFzJnY4_5poros4core6schema20wal_schema_generated3walNtB6_11FlatbufMeta6createpEBe_
FN:974,_RINvNtNtNtCsI6NLFzJnY4_5poros6schema20wal_schema_generated3wal26finish_flatbuf_meta_bufferpEB8_
FN:981,_RINvNtNtNtCsI6NLFzJnY4_5poros6schema20wal_schema_generated3wal40finish_size_prefixed_flatbuf_meta_bufferpEB8_
FN:974,_RINvNtNtNtNtCsI6NLFzJnY4_5poros4core6schema20wal_schema_generated3wal26finish_flatbuf_meta_bufferpEBa_
FN:981,_RINvNtNtNtNtCsI6NLFzJnY4_5poros4core6schema20wal_schema_generated3wal40finish_size_prefixed_flatbuf_meta_bufferpEBa_
FN:750,_RNCNvMsv_NtNtNtCsI6NLFzJnY4_5poros6schema20wal_schema_generated3walNtB7_11FlatbufMeta16meta_as_log_meta0Bd_
FN:735,_RNCNvMsv_NtNtNtCsI6NLFzJnY4_5poros6schema20wal_schema_generated3walNtB7_11FlatbufMeta18meta_as_event_meta0Bd_
FN:765,_RNCNvMsv_NtNtNtCsI6NLFzJnY4_5poros6schema20wal_schema_generated3walNtB7_11FlatbufMeta18meta_as_trace_meta0Bd_
FN:750,_RNCNvMsv_NtNtNtNtCsI6NLFzJnY4_5poros4core6schema20wal_schema_generated3walNtB7_11FlatbufMeta16meta_as_log_meta0Bf_
FN:735,_RNCNvMsv_NtNtNtNtCsI6NLFzJnY4_5poros4core6schema20wal_schema_generated3walNtB7_11FlatbufMeta18meta_as_event_meta0Bf_
FN:765,_RNCNvMsv_NtNtNtNtCsI6NLFzJnY4_5poros4core6schema20wal_schema_generated3walNtB7_11FlatbufMeta18meta_as_trace_meta0Bf_
FN:790,_RNCNvXsw_NtNtNtCsI6NLFzJnY4_5poros6schema20wal_schema_generated3walNtB7_11FlatbufMetaNtNtCsfx9nDLF1K01_11flatbuffers8verifier10Verifiable12run_verifier0Bd_
FN:790,_RNCNvXsw_NtNtNtNtCsI6NLFzJnY4_5poros4core6schema20wal_schema_generated3walNtB7_11FlatbufMetaNtNtCsfx9nDLF1K01_11flatbuffers8verifier10Verifiable12run_verifier0Bf_
FN:47,_RNvMNtNtNtCsI6NLFzJnY4_5poros6schema20wal_schema_generated3walNtB2_13Serialization12variant_name
FN:47,_RNvMNtNtNtNtCsI6NLFzJnY4_5poros4core6schema20wal_schema_generated3walNtB2_13Serialization12variant_name
FN:140,_RNvMs5_NtNtNtCsI6NLFzJnY4_5poros6schema20wal_schema_generated3walNtB5_8Metadata12variant_name
FN:140,_RNvMs5_NtNtNtNtCsI6NLFzJnY4_5poros4core6schema20wal_schema_generated3walNtB5_8Metadata12variant_name
FN:237,_RNvMsd_NtNtNtCsI6NLFzJnY4_5poros6schema20wal_schema_generated3walNtB5_9EventMeta10service_idBb_
FN:222,_RNvMsd_NtNtNtCsI6NLFzJnY4_5poros6schema20wal_schema_generated3walNtB5_9EventMeta15init_from_tableBb_
FN:237,_RNvMsd_NtNtNtNtCsI6NLFzJnY4_5poros4core6schema20wal_schema_generated3walNtB5_9EventMeta10service_idBd_
FN:222,_RNvMsd_NtNtNtNtCsI6NLFzJnY4_5poros4core6schema20wal_schema_generated3walNtB5_9EventMeta15init_from_tableBd_
FN:275,_RNvMsg_NtNtNtCsI6NLFzJnY4_5poros6schema20wal_schema_generated3walINtB5_16EventMetaBuilderpE14add_service_idBb_
FN:279,_RNvMsg_NtNtNtCsI6NLFzJnY4_5poros6schema20wal_schema_generated3walINtB5_16EventMetaBuilderpE3newBb_
FN:287,_RNvMsg_NtNtNtCsI6NLFzJnY4_5poros6schema20wal_schema_generated3walINtB5_16EventMetaBuilderpE6finishBb_
FN:275,_RNvMsg_NtNtNtNtCsI6NLFzJnY4_5poros4core6schema20wal_schema_generated3walINtB5_16EventMetaBuilderpE14add_service_idBd_
FN:279,_RNvMsg_NtNtNtNtCsI6NLFzJnY4_5poros4core6schema20wal_schema_generated3walINtB5_16EventMetaBuilderpE3newBd_
FN:287,_RNvMsg_NtNtNtNtCsI6NLFzJnY4_5poros4core6schema20wal_schema_generated3walINtB5_16EventMetaBuilderpE6finishBd_
FN:374,_RNvMsj_NtNtNtCsI6NLFzJnY4_5poros6schema20wal_schema_generated3walNtB5_7LogMeta10service_idBb_
FN:353,_RNvMsj_NtNtNtCsI6NLFzJnY4_5poros6schema20wal_schema_generated3walNtB5_7LogMeta11schema_hashBb_
FN:367,_RNvMsj_NtNtNtCsI6NLFzJnY4_5poros6schema20wal_schema_generated3walNtB5_7LogMeta15arrow_buffer_idBb_
FN:326,_RNvMsj_NtNtNtCsI6NLFzJnY4_5poros6schema20wal_schema_generated3walNtB5_7LogMeta15init_from_tableBb_
FN:381,_RNvMsj_NtNtNtCsI6NLFzJnY4_5poros6schema20wal_schema_generated3walNtB5_7LogMeta16partition_fieldsBb_
FN:360,_RNvMsj_NtNtNtCsI6NLFzJnY4_5poros6schema20wal_schema_generated3walNtB5_7LogMeta9flight_idBb_
FN:346,_RNvMsj_NtNtNtCsI6NLFzJnY4_5poros6schema20wal_schema_generated3walNtB5_7LogMeta9schema_idBb_
FN:374,_RNvMsj_NtNtNtNtCsI6NLFzJnY4_5poros4core6schema20wal_schema_generated3walNtB5_7LogMeta10service_idBd_
FN:353,_RNvMsj_NtNtNtNtCsI6NLFzJnY4_5poros4core6schema20wal_schema_generated3walNtB5_7LogMeta11schema_hashBd_
FN:367,_RNvMsj_NtNtNtNtCsI6NLFzJnY4_5poros4core6schema20wal_schema_generated3walNtB5_7LogMeta15arrow_buffer_idBd_
FN:326,_RNvMsj_NtNtNtNtCsI6NLFzJnY4_5poros4core6schema20wal_schema_generated3walNtB5_7LogMeta15init_from_tableBd_
FN:381,_RNvMsj_NtNtNtNtCsI6NLFzJnY4_5poros4core6schema20wal_schema_generated3walNtB5_7LogMeta16partition_fieldsBd_
FN:360,_RNvMsj_NtNtNtNtCsI6NLFzJnY4_5poros4core6schema20wal_schema_generated3walNtB5_7LogMeta9flight_idBd_
FN:346,_RNvMsj_NtNtNtNtCsI6NLFzJnY4_5poros4core6schema20wal_schema_generated3walNtB5_7LogMeta9schema_idBd_
FN:442,_RNvMsm_NtNtNtNtCsI6NLFzJnY4_5poros4core6schema20wal_schema_generated3walINtB5_14LogMetaBuilderpE13add_flight_idBd_
FN:434,_RNvMsm_NtNtNtNtCsI6NLFzJnY4_5poros4core6schema20wal_schema_generated3walINtB5_14LogMetaBuilderpE13add_schema_idBd_
FN:450,_RNvMsm_NtNtNtNtCsI6NLFzJnY4_5poros4core6schema20wal_schema_generated3walINtB5_14LogMetaBuilderpE14add_service_idBd_
FN:438,_RNvMsm_NtNtNtNtCsI6NLFzJnY4_5poros4core6schema20wal_schema_generated3walINtB5_14LogMetaBuilderpE15add_schema_hashBd_
FN:446,_RNvMsm_NtNtNtNtCsI6NLFzJnY4_5poros4core6schema20wal_schema_generated3walINtB5_14LogMetaBuilderpE19add_arrow_buffer_idBd_
FN:454,_RNvMsm_NtNtNtNtCsI6NLFzJnY4_5poros4core6schema20wal_schema_generated3walINtB5_14LogMetaBuilderpE20add_partition_fieldsBd_
FN:458,_RNvMsm_NtNtNtNtCsI6NLFzJnY4_5poros4core6schema20wal_schema_generated3walINtB5_14LogMetaBuilderpE3newBd_
FN:466,_RNvMsm_NtNtNtNtCsI6NLFzJnY4_5poros4core6schema20wal_schema_generated3walINtB5_14LogMetaBuilderpE6finishBd_
FN:526,_RNvMsp_NtNtNtCsI6NLFzJnY4_5poros6schema20wal_schema_generated3walNtB5_9TraceMeta10service_idBb_
FN:508,_RNvMsp_NtNtNtCsI6NLFzJnY4_5poros6schema20wal_schema_generated3walNtB5_9TraceMeta15init_from_tableBb_
FN:547,_RNvMsp_NtNtNtCsI6NLFzJnY4_5poros6schema20wal_schema_generated3walNtB5_9TraceMeta16partition_fieldsBb_
FN:540,_RNvMsp_NtNtNtCsI6NLFzJnY4_5poros6schema20wal_schema_generated3walNtB5_9TraceMeta21timestamp_unix_microsBb_
FN:533,_RNvMsp_NtNtNtCsI6NLFzJnY4_5poros6schema20wal_schema_generated3walNtB5_9TraceMeta9tenant_idBb_
FN:526,_RNvMsp_NtNtNtNtCsI6NLFzJnY4_5poros4core6schema20wal_schema_generated3walNtB5_9TraceMeta10service_idBd_
FN:508,_RNvMsp_NtNtNtNtCsI6NLFzJnY4_5poros4core6schema20wal_schema_generated3walNtB5_9TraceMeta15init_from_tableBd_
FN:547,_RNvMsp_NtNtNtNtCsI6NLFzJnY4_5poros4core6schema20wal_schema_generated3walNtB5_9TraceMeta16partition_fieldsBd_
FN:540,_RNvMsp_NtNtNtNtCsI6NLFzJnY4_5poros4core6schema20wal_schema_generated3walNtB5_9TraceMeta21timestamp_unix_microsBd_
FN:533,_RNvMsp_NtNtNtNtCsI6NLFzJnY4_5poros4core6schema20wal_schema_generated3walNtB5_9TraceMeta9tenant_idBd_
FN:598,_RNvMss_NtNtNtCsI6NLFzJnY4_5poros6schema20wal_schema_generated3walINtB5_16TraceMetaBuilderpE13add_tenant_idBb_
FN:594,_RNvMss_NtNtNtCsI6NLFzJnY4_5poros6schema20wal_schema_generated3walINtB5_16TraceMetaBuilderpE14add_service_idBb_
FN:606,_RNvMss_NtNtNtCsI6NLFzJnY4_5poros6schema20wal_schema_generated3walINtB5_16TraceMetaBuilderpE20add_partition_fieldsBb_
FN:602,_RNvMss_NtNtNtCsI6NLFzJnY4_5poros6schema20wal_schema_generated3walINtB5_16TraceMetaBuilderpE25add_timestamp_unix_microsBb_
FN:610,_RNvMss_NtNtNtCsI6NLFzJnY4_5poros6schema20wal_schema_generated3walINtB5_16TraceMetaBuilderpE3newBb_
FN:618,_RNvMss_NtNtNtCsI6NLFzJnY4_5poros6schema20wal_schema_generated3walINtB5_16TraceMetaBuilderpE6finishBb_
FN:598,_RNvMss_NtNtNtNtCsI6NLFzJnY4_5poros4core6schema20wal_schema_generated3walINtB5_16TraceMetaBuilderpE13add_tenant_idBd_
FN:594,_RNvMss_NtNtNtNtCsI6NLFzJnY4_5poros4core6schema20wal_schema_generated3walINtB5_16TraceMetaBuilderpE14add_service_idBd_
FN:606,_RNvMss_NtNtNtNtCsI6NLFzJnY4_5poros4core6schema20wal_schema_generated3walINtB5_16TraceMetaBuilderpE20add_partition_fieldsBd_
FN:602,_RNvMss_NtNtNtNtCsI6NLFzJnY4_5poros4core6schema20wal_schema_generated3walINtB5_16TraceMetaBuilderpE25add_timestamp_unix_microsBd_
FN:610,_RNvMss_NtNtNtNtCsI6NLFzJnY4_5poros4core6schema20wal_schema_generated3walINtB5_16TraceMetaBuilderpE3newBd_
FN:618,_RNvMss_NtNtNtNtCsI6NLFzJnY4_5poros4core6schema20wal_schema_generated3walINtB5_16TraceMetaBuilderpE6finishBd_
FN:711,_RNvMsv_NtNtNtCsI6NLFzJnY4_5poros6schema20wal_schema_generated3walNtB5_11FlatbufMeta12magic_numberBb_
FN:704,_RNvMsv_NtNtNtCsI6NLFzJnY4_5poros6schema20wal_schema_generated3walNtB5_11FlatbufMeta13serializationBb_
FN:662,_RNvMsv_NtNtNtCsI6NLFzJnY4_5poros6schema20wal_schema_generated3walNtB5_11FlatbufMeta15init_from_tableBb_
FN:748,_RNvMsv_NtNtNtCsI6NLFzJnY4_5poros6schema20wal_schema_generated3walNtB5_11FlatbufMeta16meta_as_log_metaBb_
FN:733,_RNvMsv_NtNtNtCsI6NLFzJnY4_5poros6schema20wal_schema_generated3walNtB5_11FlatbufMeta18meta_as_event_metaBb_
FN:763,_RNvMsv_NtNtNtCsI6NLFzJnY4_5poros6schema20wal_schema_generated3walNtB5_11FlatbufMeta18meta_as_trace_metaBb_
FN:697,_RNvMsv_NtNtNtCsI6NLFzJnY4_5poros6schema20wal_schema_generated3walNtB5_11FlatbufMeta21timestamp_unix_microsBb_
FN:725,_RNvMsv_NtNtNtCsI6NLFzJnY4_5poros6schema20wal_schema_generated3walNtB5_11FlatbufMeta4metaBb_
FN:690,_RNvMsv_NtNtNtCsI6NLFzJnY4_5poros6schema20wal_schema_generated3walNtB5_11FlatbufMeta5flagsBb_
FN:683,_RNvMsv_NtNtNtCsI6NLFzJnY4_5poros6schema20wal_schema_generated3walNtB5_11FlatbufMeta7versionBb_
FN:718,_RNvMsv_NtNtNtCsI6NLFzJnY4_5poros6schema20wal_schema_generated3walNtB5_11FlatbufMeta9meta_typeBb_
FN:711,_RNvMsv_NtNtNtNtCsI6NLFzJnY4_5poros4core6schema20wal_schema_generated3walNtB5_11FlatbufMeta12magic_numberBd_
FN:704,_RNvMsv_NtNtNtNtCsI6NLFzJnY4_5poros4core6schema20wal_schema_generated3walNtB5_11FlatbufMeta13serializationBd_
FN:662,_RNvMsv_NtNtNtNtCsI6NLFzJnY4_5poros4core6schema20wal_schema_generated3walNtB5_11FlatbufMeta15init_from_tableBd_
FN:748,_RNvMsv_NtNtNtNtCsI6NLFzJnY4_5poros4core6schema20wal_schema_generated3walNtB5_11FlatbufMeta16meta_as_log_metaBd_
FN:733,_RNvMsv_NtNtNtNtCsI6NLFzJnY4_5poros4core6schema20wal_schema_generated3walNtB5_11FlatbufMeta18meta_as_event_metaBd_
FN:763,_RNvMsv_NtNtNtNtCsI6NLFzJnY4_5poros4core6schema20wal_schema_generated3walNtB5_11FlatbufMeta18meta_as_trace_metaBd_
FN:697,_RNvMsv_NtNtNtNtCsI6NLFzJnY4_5poros4core6schema20wal_schema_generated3walNtB5_11FlatbufMeta21timestamp_unix_microsBd_
FN:725,_RNvMsv_NtNtNtNtCsI6NLFzJnY4_5poros4core6schema20wal_schema_generated3walNtB5_11FlatbufMeta4metaBd_
FN:690,_RNvMsv_NtNtNtNtCsI6NLFzJnY4_5poros4core6schema20wal_schema_generated3walNtB5_11FlatbufMeta5flagsBd_
FN:683,_RNvMsv_NtNtNtNtCsI6NLFzJnY4_5poros4core6schema20wal_schema_generated3walNtB5_11FlatbufMeta7versionBd_
FN:718,_RNvMsv_NtNtNtNtCsI6NLFzJnY4_5poros4core6schema20wal_schema_generated3walNtB5_11FlatbufMeta9meta_typeBd_
FN:832,_RNvMsy_NtNtNtNtCsI6NLFzJnY4_5poros4core6schema20wal_schema_generated3walINtB5_18FlatbufMetaBuilderpE11add_versionBd_
FN:852,_RNvMsy_NtNtNtNtCsI6NLFzJnY4_5poros4core6schema20wal_schema_generated3walINtB5_18FlatbufMetaBuilderpE13add_meta_typeBd_
FN:848,_RNvMsy_NtNtNtNtCsI6NLFzJnY4_5poros4core6schema20wal_schema_generated3walINtB5_18FlatbufMetaBuilderpE16add_magic_numberBd_
FN:844,_RNvMsy_NtNtNtNtCsI6NLFzJnY4_5poros4core6schema20wal_schema_generated3walINtB5_18FlatbufMetaBuilderpE17add_serializationBd_
FN:840,_RNvMsy_NtNtNtNtCsI6NLFzJnY4_5poros4core6schema20wal_schema_generated3walINtB5_18FlatbufMetaBuilderpE25add_timestamp_unix_microsBd_
FN:860,_RNvMsy_NtNtNtNtCsI6NLFzJnY4_5poros4core6schema20wal_schema_generated3walINtB5_18FlatbufMetaBuilderpE3newBd_
FN:868,_RNvMsy_NtNtNtNtCsI6NLFzJnY4_5poros4core6schema20wal_schema_generated3walINtB5_18FlatbufMetaBuilderpE6finishBd_
FN:856,_RNvMsy_NtNtNtNtCsI6NLFzJnY4_5poros4core6schema20wal_schema_generated3walINtB5_18FlatbufMetaBuilderpE8add_metaBd_
FN:836,_RNvMsy_NtNtNtNtCsI6NLFzJnY4_5poros4core6schema20wal_schema_generated3walINtB5_18FlatbufMetaBuilderpE9add_flagsBd_
FN:920,_RNvNtNtNtCsI6NLFzJnY4_5poros6schema20wal_schema_generated3wal20root_as_flatbuf_metaB7_
FN:963,_RNvNtNtNtCsI6NLFzJnY4_5poros6schema20wal_schema_generated3wal30root_as_flatbuf_meta_uncheckedB7_
FN:940,_RNvNtNtNtCsI6NLFzJnY4_5poros6schema20wal_schema_generated3wal30root_as_flatbuf_meta_with_optsB7_
FN:930,_RNvNtNtNtCsI6NLFzJnY4_5poros6schema20wal_schema_generated3wal34size_prefixed_root_as_flatbuf_metaB7_
FN:970,_RNvNtNtNtCsI6NLFzJnY4_5poros6schema20wal_schema_generated3wal44size_prefixed_root_as_flatbuf_meta_uncheckedB7_
FN:953,_RNvNtNtNtCsI6NLFzJnY4_5poros6schema20wal_schema_generated3wal44size_prefixed_root_as_flatbuf_meta_with_optsB7_
FN:920,_RNvNtNtNtNtCsI6NLFzJnY4_5poros4core6schema20wal_schema_generated3wal20root_as_flatbuf_metaB9_
FN:963,_RNvNtNtNtNtCsI6NLFzJnY4_5poros4core6schema20wal_schema_generated3wal30root_as_flatbuf_meta_uncheckedB9_
FN:940,_RNvNtNtNtNtCsI6NLFzJnY4_5poros4core6schema20wal_schema_generated3wal30root_as_flatbuf_meta_with_optsB9_
FN:930,_RNvNtNtNtNtCsI6NLFzJnY4_5poros4core6schema20wal_schema_generated3wal34size_prefixed_root_as_flatbuf_metaB9_
FN:970,_RNvNtNtNtNtCsI6NLFzJnY4_5poros4core6schema20wal_schema_generated3wal44size_prefixed_root_as_flatbuf_meta_uncheckedB9_
FN:953,_RNvNtNtNtNtCsI6NLFzJnY4_5poros4core6schema20wal_schema_generated3wal44size_prefixed_root_as_flatbuf_meta_with_optsB9_
FN:66,_RNvXs0_NtNtNtCsI6NLFzJnY4_5poros6schema20wal_schema_generated3walNtB5_13SerializationNtNtCsfx9nDLF1K01_11flatbuffers6follow6Follow6followBb_
FN:66,_RNvXs0_NtNtNtNtCsI6NLFzJnY4_5poros4core6schema20wal_schema_generated3walNtB5_13SerializationNtNtCsfx9nDLF1K01_11flatbuffers6follow6Follow6followBd_
FN:75,_RNvXs1_NtNtNtNtCsI6NLFzJnY4_5poros4core6schema20wal_schema_generated3walNtB5_13SerializationNtNtCsfx9nDLF1K01_11flatbuffers4push4Push4pushBd_
FN:83,_RNvXs2_NtNtNtCsI6NLFzJnY4_5poros6schema20wal_schema_generated3walNtB5_13SerializationNtNtCsfx9nDLF1K01_11flatbuffers13endian_scalar12EndianScalar16to_little_endianBb_
FN:88,_RNvXs2_NtNtNtCsI6NLFzJnY4_5poros6schema20wal_schema_generated3walNtB5_13SerializationNtNtCsfx9nDLF1K01_11flatbuffers13endian_scalar12EndianScalar18from_little_endianBb_
FN:83,_RNvXs2_NtNtNtNtCsI6NLFzJnY4_5poros4core6schema20wal_schema_generated3walNtB5_13SerializationNtNtCsfx9nDLF1K01_11flatbuffers13endian_scalar12EndianScalar16to_little_endianBd_
FN:88,_RNvXs2_NtNtNtNtCsI6NLFzJnY4_5poros4core6schema20wal_schema_generated3walNtB5_13SerializationNtNtCsfx9nDLF1K01_11flatbuffers13endian_scalar12EndianScalar18from_little_endianBd_
FN:96,_RNvXs3_NtNtNtCsI6NLFzJnY4_5poros6schema20wal_schema_generated3walNtB5_13SerializationNtNtCsfx9nDLF1K01_11flatbuffers8verifier10Verifiable12run_verifierBb_
FN:96,_RNvXs3_NtNtNtNtCsI6NLFzJnY4_5poros4core6schema20wal_schema_generated3walNtB5_13SerializationNtNtCsfx9nDLF1K01_11flatbuffers8verifier10Verifiable12run_verifierBd_
FN:151,_RNvXs6_NtNtNtCsI6NLFzJnY4_5poros6schema20wal_schema_generated3walNtB5_8MetadataNtNtCs1p5UDGgVI4d_4core3fmt5Debug3fmt
FN:151,_RNvXs6_NtNtNtNtCsI6NLFzJnY4_5poros4core6schema20wal_schema_generated3walNtB5_8MetadataNtNtCs1p5UDGgVI4d_4core3fmt5Debug3fmt
FN:162,_RNvXs7_NtNtNtCsI6NLFzJnY4_5poros6schema20wal_schema_generated3walNtB5_8MetadataNtNtCsfx9nDLF1K01_11flatbuffers6follow6Follow6followBb_
FN:162,_RNvXs7_NtNtNtNtCsI6NLFzJnY4_5poros4core6schema20wal_schema_generated3walNtB5_8MetadataNtNtCsfx9nDLF1K01_11flatbuffers6follow6Follow6followBd_
FN:171,_RNvXs8_NtNtNtNtCsI6NLFzJnY4_5poros4core6schema20wal_schema_generated3walNtB5_8MetadataNtNtCsfx9nDLF1K01_11flatbuffers4push4Push4pushBd_
FN:179,_RNvXs9_NtNtNtCsI6NLFzJnY4_5poros6schema20wal_schema_generated3walNtB5_8MetadataNtNtCsfx9nDLF1K01_11flatbuffers13endian_scalar12EndianScalar16to_little_endianBb_
FN:184,_RNvXs9_NtNtNtCsI6NLFzJnY4_5poros6schema20wal_schema_generated3walNtB5_8MetadataNtNtCsfx9nDLF1K01_11flatbuffers13endian_scalar12EndianScalar18from_little_endianBb_
FN:179,_RNvXs9_NtNtNtNtCsI6NLFzJnY4_5poros4core6schema20wal_schema_generated3walNtB5_8MetadataNtNtCsfx9nDLF1K01_11flatbuffers13endian_scalar12EndianScalar16to_little_endianBd_
FN:184,_RNvXs9_NtNtNtNtCsI6NLFzJnY4_5poros4core6schema20wal_schema_generated3walNtB5_8MetadataNtNtCsfx9nDLF1K01_11flatbuffers13endian_scalar12EndianScalar18from_little_endianBd_
FN:55,_RNvXs_NtNtNtCsI6NLFzJnY4_5poros6schema20wal_schema_generated3walNtB4_13SerializationNtNtCs1p5UDGgVI4d_4core3fmt5Debug3fmt
FN:55,_RNvXs_NtNtNtNtCsI6NLFzJnY4_5poros4core6schema20wal_schema_generated3walNtB4_13SerializationNtNtCs1p5UDGgVI4d_4core3fmt5Debug3fmt
FN:192,_RNvXsa_NtNtNtCsI6NLFzJnY4_5poros6schema20wal_schema_generated3walNtB5_8MetadataNtNtCsfx9nDLF1K01_11flatbuffers8verifier10Verifiable12run_verifierBb_
FN:192,_RNvXsa_NtNtNtNtCsI6NLFzJnY4_5poros4core6schema20wal_schema_generated3walNtB5_8MetadataNtNtCsfx9nDLF1K01_11flatbuffers8verifier10Verifiable12run_verifierBd_
FN:213,_RNvXsc_NtNtNtCsI6NLFzJnY4_5poros6schema20wal_schema_generated3walNtB5_9EventMetaNtNtCsfx9nDLF1K01_11flatbuffers6follow6Follow6followBb_
FN:213,_RNvXsc_NtNtNtNtCsI6NLFzJnY4_5poros4core6schema20wal_schema_generated3walNtB5_9EventMetaNtNtCsfx9nDLF1K01_11flatbuffers6follow6Follow6followBd_
FN:247,_RNvXse_NtNtNtCsI6NLFzJnY4_5poros6schema20wal_schema_generated3walNtB5_9EventMetaNtNtCsfx9nDLF1K01_11flatbuffers8verifier10Verifiable12run_verifierBb_
FN:247,_RNvXse_NtNtNtNtCsI6NLFzJnY4_5poros4core6schema20wal_schema_generated3walNtB5_9EventMetaNtNtCsfx9nDLF1K01_11flatbuffers8verifier10Verifiable12run_verifierBd_
FN:262,_RNvXsf_NtNtNtCsI6NLFzJnY4_5poros6schema20wal_schema_generated3walNtB5_13EventMetaArgsNtNtCs1p5UDGgVI4d_4core7default7Default7defaultBb_
FN:262,_RNvXsf_NtNtNtNtCsI6NLFzJnY4_5poros4core6schema20wal_schema_generated3walNtB5_13EventMetaArgsNtNtCs1p5UDGgVI4d_4core7default7Default7defaultBd_
FN:294,_RNvXsh_NtNtNtCsI6NLFzJnY4_5poros6schema20wal_schema_generated3walNtB5_9EventMetaNtNtCs1p5UDGgVI4d_4core3fmt5Debug3fmt
FN:294,_RNvXsh_NtNtNtNtCsI6NLFzJnY4_5poros4core6schema20wal_schema_generated3walNtB5_9EventMetaNtNtCs1p5UDGgVI4d_4core3fmt5Debug3fmt
FN:312,_RNvXsi_NtNtNtCsI6NLFzJnY4_5poros6schema20wal_schema_generated3walNtB5_7LogMetaNtNtCsfx9nDLF1K01_11flatbuffers6follow6Follow6followBb_
[...]
FN:65,_RNvMNtNtCsI6NLFzJnY4_5poros8platform8registryNtB2_15RegistryBuilder8db_actor
FN:136,_RNvMNtNtCsI6NLFzJnY4_5poros8platform8registryNtB2_15RegistryBuilder9wal_actor
FN:176,_RNvXs0_NtNtCsI6NLFzJnY4_5poros8platform8registryNtB5_8RegistryINtNtCslyLm8eLQtsl_5actix7handler7HandlerNtNtNtNtB9_11application6actors2db11DbActorAddrE6handle
FN:183,_RNvXs1_NtNtCsI6NLFzJnY4_5poros8platform8registryNtB5_8RegistryINtNtCslyLm8eLQtsl_5actix7handler7HandlerNtNtNtNtB9_11application6actors6parser15ParserActorAddrE6handle
FN:190,_RNvXs2_NtNtCsI6NLFzJnY4_5poros8platform8registryNtB5_8RegistryINtNtCslyLm8eLQtsl_5actix7handler7HandlerNtNtNtNtB9_11application6actors9broadcast18BroadcastActorAddrE6handle
FN:219,_RNvXs6_NtNtCsI6NLFzJnY4_5poros8platform8registryNtB5_8RegistryINtNtCslyLm8eLQtsl_5actix7handler7HandlerNtB5_16FetchParserActorE6handle
FN:231,_RNvXs7_NtNtCsI6NLFzJnY4_5poros8platform8registryNtB5_8RegistryINtNtCslyLm8eLQtsl_5actix7handler7HandlerNtB5_13FetchWalActorE6handle
FN:252,_RNvXs8_NtNtCsI6NLFzJnY4_5poros8platform8registryNtB5_8RegistryINtNtCslyLm8eLQtsl_5actix7handler7HandlerNtB5_19FetchBroadcastActorE6handle
FN:168,_RNvXs_NtNtCsI6NLFzJnY4_5poros8platform8registryNtB4_8RegistryNtNtCslyLm8eLQtsl_5actix5actor5Actor7started
FNDA:0,_RNvXs3_NtNtCsI6NLFzJnY4_5poros8platform8registryNtB5_8RegistryINtNtCslyLm8eLQtsl_5actix7handler7HandlerNtNtNtNtB9_11application6actors15flight_registry23FlightRegistryActorAddrE6handle
FNDA:0,_RNvXs4_NtNtCsI6NLFzJnY4_5poros8platform8registryNtB5_8RegistryINtNtCslyLm8eLQtsl_5actix7handler7HandlerNtNtNtNtB9_11application6actors7iceberg16IcebergActorAddrE6handle
FNDA:0,_RNvXs5_NtNtCsI6NLFzJnY4_5poros8platform8registryNtB5_8RegistryINtNtCslyLm8eLQtsl_5actix7handler7HandlerNtNtNtNtB9_11application6actors3wal12WalActorAddrE6handle
FNDA:3,_RNvMNtNtCsI6NLFzJnY4_5poros8platform8registryNtB2_15RegistryBuilder12parser_actor
FNDA:3,_RNvMNtNtCsI6NLFzJnY4_5poros8platform8registryNtB2_15RegistryBuilder13iceberg_actor
FNDA:1,_RNvMNtNtCsI6NLFzJnY4_5poros8platform8registryNtB2_15RegistryBuilder15broadcast_actor
FNDA:2,_RNvMNtNtCsI6NLFzJnY4_5poros8platform8registryNtB2_15RegistryBuilder20broadcast_actor_mock
FNDA:3,_RNvMNtNtCsI6NLFzJnY4_5poros8platform8registryNtB2_15RegistryBuilder21flight_registry_actor
FNDA:3,_RNvMNtNtCsI6NLFzJnY4_5poros8platform8registryNtB2_15RegistryBuilder3new
FNDA:3,_RNvMNtNtCsI6NLFzJnY4_5poros8platform8registryNtB2_15RegistryBuilder5build
FNDA:3,_RNvMNtNtCsI6NLFzJnY4_5poros8platform8registryNtB2_15RegistryBuilder8db_actor
FNDA:3,_RNvMNtNtCsI6NLFzJnY4_5poros8platform8registryNtB2_15RegistryBuilder9wal_actor
FNDA:1,_RNvXs0_NtNtCsI6NLFzJnY4_5poros8platform8registryNtB5_8RegistryINtNtCslyLm8eLQtsl_5actix7handler7HandlerNtNtNtNtB9_11application6actors2db11DbActorAddrE6handle
FNDA:1,_RNvXs1_NtNtCsI6NLFzJnY4_5poros8platform8registryNtB5_8RegistryINtNtCslyLm8eLQtsl_5actix7handler7HandlerNtNtNtNtB9_11application6actors6parser15ParserActorAddrE6handle
FNDA:1,_RNvXs2_NtNtCsI6NLFzJnY4_5poros8platform8registryNtB5_8RegistryINtNtCslyLm8eLQtsl_5actix7handler7HandlerNtNtNtNtB9_11application6actors9broadcast18BroadcastActorAddrE6handle
FNDA:2,_RNvXs6_NtNtCsI6NLFzJnY4_5poros8platform8registryNtB5_8RegistryINtNtCslyLm8eLQtsl_5actix7handler7HandlerNtB5_16FetchParserActorE6handle
FNDA:0,_RNvXs7_NtNtCsI6NLFzJnY4_5poros8platform8registryNtB5_8RegistryINtNtCslyLm8eLQtsl_5actix7handler7HandlerNtB5_13FetchWalActorE6handle
FNDA:2,_RNvXs8_NtNtCsI6NLFzJnY4_5poros8platform8registryNtB5_8RegistryINtNtCslyLm8eLQtsl_5actix7handler7HandlerNtB5_19FetchBroadcastActorE6handle
FNDA:4,_RNvXs_NtNtCsI6NLFzJnY4_5poros8platform8registryNtB4_8RegistryNtNtCslyLm8eLQtsl_5actix5actor5Actor7started
FNF:19
FNH:15
DA:47,3
DA:48,3
DA:49,3
DA:50,3
DA:51,3
DA:52,3
DA:53,3
DA:54,3
DA:55,3
DA:56,3
DA:65,3
DA:66,3
DA:67,3
DA:68,3
DA:71,1
DA:72,1
DA:73,1
DA:74,1
DA:77,2
DA:78,2
DA:79,2
DA:80,2
DA:90,3
DA:91,3
DA:92,3
DA:93,3
DA:94,3
DA:103,3
DA:104,3
DA:105,3
DA:106,3
DA:119,3
DA:120,3
DA:121,6
DA:122,3
DA:123,3
DA:124,3
DA:125,3
DA:126,3
DA:136,3
DA:137,3
DA:138,3
DA:139,3
DA:140,3
DA:142,3
DA:146,3
DA:147,3
DA:148,3
DA:149,3
DA:150,3
DA:151,3
DA:152,3
DA:153,3
DA:154,3
DA:155,3
DA:156,3
DA:157,3
DA:158,3
DA:159,3
DA:160,3
DA:161,3
DA:162,3
DA:168,4
DA:169,4
DA:170,4
DA:176,1
DA:177,1
DA:178,1
DA:183,1
DA:184,1
DA:185,1
DA:190,1
DA:191,1
DA:192,1
DA:197,0
DA:198,0
DA:199,0
DA:204,0
DA:205,0
DA:206,0
DA:211,0
DA:212,0
DA:213,0
DA:219,2
DA:220,2
DA:221,2
DA:231,0
DA:232,0
DA:233,0
DA:252,2
DA:253,2
DA:254,2
BRF:0
BRH:0
LF:92
LH:80
end_of_record
SF:/home/balaji/RustroverProjects/Titan/src/platform/wal/writer/wal_offset_manager.rs
FN:40,_RNvMNtNtNtNtCsI6NLFzJnY4_5poros8platform3wal6writer18wal_offset_managerNtB2_16WalOffsetManager12claim_offset
FN:26,_RNvMNtNtNtNtCsI6NLFzJnY4_5poros8platform3wal6writer18wal_offset_managerNtB2_16WalOffsetManager12reset_offset
FN:21,_RNvMNtNtNtNtCsI6NLFzJnY4_5poros8platform3wal6writer18wal_offset_managerNtB2_16WalOffsetManager13update_offset
FN:35,_RNvMNtNtNtNtCsI6NLFzJnY4_5poros8platform3wal6writer18wal_offset_managerNtB2_16WalOffsetManager16increment_offset
FN:16,_RNvMNtNtNtNtCsI6NLFzJnY4_5poros8platform3wal6writer18wal_offset_managerNtB2_16WalOffsetManager18get_current_offset
FN:31,_RNvMNtNtNtNtCsI6NLFzJnY4_5poros8platform3wal6writer18wal_offset_managerNtB2_16WalOffsetManager19is_max_size_reached
FN:9,_RNvMNtNtNtNtCsI6NLFzJnY4_5poros8platform3wal6writer18wal_offset_managerNtB2_16WalOffsetManager3new
FNDA:0,_RNvMNtNtNtNtCsI6NLFzJnY4_5poros8platform3wal6writer18wal_offset_managerNtB2_16WalOffsetManager12claim_offset
FNDA:0,_RNvMNtNtNtNtCsI6NLFzJnY4_5poros8platform3wal6writer18wal_offset_managerNtB2_16WalOffsetManager12reset_offset
FNDA:0,_RNvMNtNtNtNtCsI6NLFzJnY4_5poros8platform3wal6writer18wal_offset_managerNtB2_16WalOffsetManager13update_offset
FNDA:0,_RNvMNtNtNtNtCsI6NLFzJnY4_5poros8platform3wal6writer18wal_offset_managerNtB2_16WalOffsetManager16increment_offset
FNDA:0,_RNvMNtNtNtNtCsI6NLFzJnY4_5poros8platform3wal6writer18wal_offset_managerNtB2_16WalOffsetManager18get_current_offset
FNDA:0,_RNvMNtNtNtNtCsI6NLFzJnY4_5poros8platform3wal6writer18wal_offset_managerNtB2_16WalOffsetManager19is_max_size_reached
FNDA:0,_RNvMNtNtNtNtCsI6NLFzJnY4_5poros8platform3wal6writer18wal_offset_managerNtB2_16WalOffsetManager3new
FNF:7
FNH:0
DA:9,0
DA:10,0
DA:11,0
DA:12,0
DA:13,0
DA:14,0
DA:16,0
DA:17,0
DA:18,0
DA:19,0
DA:21,0
DA:22,0
DA:23,0
DA:24,0
DA:26,0
DA:27,0
DA:28,0
DA:29,0
DA:31,0
DA:32,0
DA:33,0
DA:35,0
DA:36,0
DA:37,0
DA:38,0
DA:40,0
DA:42,0
DA:43,0
DA:45,0
DA:47,0
DA:48,0
DA:49,0
DA:50,0
DA:51,0
DA:54,0
DA:55,0
DA:56,0
DA:57,0
DA:58,0
DA:59,0
DA:60,0
DA:62,0
DA:63,0
DA:67,0
DA:71,0
DA:72,0
DA:73,0
DA:74,0
DA:78,0
BRF:0
BRH:0
LF:49
LH:0
end_of_record
SF:/home/balaji/RustroverProjects/Titan/src/platform/wal/writer/writer.rs
FN:29,_RNCNCNvNtNtNtNtCsI6NLFzJnY4_5poros8platform3wal6writer6writer21write_wal_block_async00Bd_
FN:14,_RNCNvNtNtNtNtCsI6NLFzJnY4_5poros8platform3wal6writer6writer17pre_allocate_file0Bb_
FN:25,_RNCNvNtNtNtNtCsI6NLFzJnY4_5poros8platform3wal6writer6writer21write_wal_block_async0Bb_
FN:14,_RNvNtNtNtNtCsI6NLFzJnY4_5poros8platform3wal6writer6writer17pre_allocate_file
FN:20,_RNvNtNtNtNtCsI6NLFzJnY4_5poros8platform3wal6writer6writer21write_wal_block_async
FN:80,_RNvNtNtNtNtCsI6NLFzJnY4_5poros8platform3wal6writer6writer15write_wal_block
FNDA:0,_RNCNCNvNtNtNtNtCsI6NLFzJnY4_5poros8platform3wal6writer6writer21write_wal_block_async00Bd_
FNDA:0,_RNCNvNtNtNtNtCsI6NLFzJnY4_5poros8platform3wal6writer6writer17pre_allocate_file0Bb_
FNDA:0,_RNCNvNtNtNtNtCsI6NLFzJnY4_5poros8platform3wal6writer6writer21write_wal_block_async0Bb_
FNDA:0,_RNvNtNtNtNtCsI6NLFzJnY4_5poros8platform3wal6writer6writer17pre_allocate_file
FNDA:0,_RNvNtNtNtNtCsI6NLFzJnY4_5poros8platform3wal6writer6writer21write_wal_block_async
FNDA:0,_RNvNtNtNtNtCsI6NLFzJnY4_5poros8platform3wal6writer6writer15write_wal_block
FNF:6
FNH:0
DA:14,0
DA:15,0
DA:16,0
DA:17,0
DA:18,0
DA:20,0
DA:21,0
DA:22,0
DA:23,0
DA:24,0
DA:25,0
DA:27,0
DA:28,0
DA:29,0
DA:30,0
DA:32,0
DA:33,0
DA:34,0
DA:35,0
DA:36,0
DA:37,0
DA:38,0
DA:40,0
DA:41,0
DA:43,0
DA:44,0
DA:46,0
DA:47,0
DA:49,0
DA:52,0
DA:53,0
DA:54,0
DA:55,0
DA:57,0
DA:58,0
DA:59,0
DA:60,0
DA:61,0
DA:62,0
DA:63,0
DA:64,0
DA:65,0
DA:66,0
DA:67,0
DA:68,0
DA:70,0
DA:72,0
DA:73,0
DA:74,0
DA:75,0
DA:76,0
DA:77,0
DA:78,0
DA:80,0
DA:81,0
DA:82,0
DA:83,0
DA:84,0
DA:87,0
DA:88,0
DA:90,0
DA:91,0
DA:93,0
DA:106,0
DA:107,0
DA:108,0
DA:109,0
DA:110,0
DA:111,0
DA:112,0
DA:113,0
DA:114,0
DA:115,0
DA:116,0
DA:117,0
DA:124,0
DA:125,0
DA:128,0
DA:131,0
DA:133,0
DA:134,0
BRF:0
BRH:0
LF:83
LH:0
end_of_record
SF:/home/balaji/RustroverProjects/Titan/src/servers/full_server.rs
FN:167,_RNCNCNvXNtNtCsI6NLFzJnY4_5poros7servers11full_serverNtB6_10FullServerNtNtB8_6server11PorosServer12start_server00Ba_
FN:92,_RNCNCNvXNtNtCsI6NLFzJnY4_5poros7servers11full_serverNtB6_10FullServerNtNtB8_6server11PorosServer16bootstrap_server00Ba_
FN:159,_RNCNvXNtNtCsI6NLFzJnY4_5poros7servers11full_serverNtB4_10FullServerNtNtB6_6server11PorosServer12start_server0B8_
FN:44,_RNCNvXNtNtCsI6NLFzJnY4_5poros7servers11full_serverNtB4_10FullServerNtNtB6_6server11PorosServer16bootstrap_server0B8_
FN:156,_RNvXNtNtCsI6NLFzJnY4_5poros7servers11full_serverNtB2_10FullServerNtNtB4_6server11PorosServer12start_server
FN:31,_RNvXNtNtCsI6NLFzJnY4_5poros7servers11full_serverNtB2_10FullServerNtNtB4_6server11PorosServer16bootstrap_server
FN:24,_RNvXNtNtCsI6NLFzJnY4_5poros7servers11full_serverNtB2_10FullServerNtNtB4_6server11PorosServer16configure_routes
FNDA:0,_RNCNCNvXNtNtCsI6NLFzJnY4_5poros7servers11full_serverNtB6_10FullServerNtNtB8_6server11PorosServer12start_server00Ba_
FNDA:0,_RNCNCNvXNtNtCsI6NLFzJnY4_5poros7servers11full_serverNtB6_10FullServerNtNtB8_6server11PorosServer16bootstrap_server00Ba_
FNDA:0,_RNCNvXNtNtCsI6NLFzJnY4_5poros7servers11full_serverNtB4_10FullServerNtNtB6_6server11PorosServer12start_server0B8_
FNDA:0,_RNCNvXNtNtCsI6NLFzJnY4_5poros7servers11full_serverNtB4_10FullServerNtNtB6_6server11PorosServer16bootstrap_server0B8_
FNDA:0,_RNvXNtNtCsI6NLFzJnY4_5poros7servers11full_serverNtB2_10FullServerNtNtB4_6server11PorosServer12start_server
FNDA:0,_RNvXNtNtCsI6NLFzJnY4_5poros7servers11full_serverNtB2_10FullServerNtNtB4_6server11PorosServer16bootstrap_server
FNDA:0,_RNvXNtNtCsI6NLFzJnY4_5poros7servers11full_serverNtB2_10FullServerNtNtB4_6server11PorosServer16configure_routes
FNF:7
FNH:0
DA:24,0
DA:25,0
DA:26,0
DA:28,0
DA:31,0
DA:32,0
DA:33,0
DA:34,0
DA:35,0
DA:36,0
DA:37,0
DA:38,0
DA:39,0
DA:40,0
DA:41,0
DA:42,0
DA:43,0
DA:44,0
DA:45,0
DA:49,0
DA:51,0
DA:52,0
DA:57,0
DA:59,0
DA:60,0
DA:61,0
DA:66,0
DA:67,0
DA:68,0
DA:70,0
DA:72,0
DA:74,0
DA:75,0
DA:76,0
DA:77,0
DA:78,0
DA:80,0
DA:81,0
DA:88,0
DA:92,0
DA:93,0
DA:96,0
DA:97,0
DA:98,0
DA:99,0
DA:100,0
DA:102,0
DA:106,0
DA:107,0
DA:108,0
DA:109,0
DA:110,0
DA:112,0
DA:116,0
DA:118,0
DA:121,0
DA:122,0
DA:123,0
DA:124,0
DA:125,0
DA:126,0
DA:127,0
DA:128,0
DA:137,0
DA:138,0
DA:140,0
DA:141,0
DA:142,0
DA:143,0
DA:144,0
DA:145,0
DA:149,0
DA:150,0
DA:151,0
DA:152,0
DA:153,0
DA:154,0
DA:156,0
DA:157,0
DA:158,0
DA:159,0
DA:160,0
DA:161,0
DA:162,0
DA:163,0
DA:164,0
DA:167,0
DA:169,0
DA:170,0
DA:173,0
DA:174,0
DA:175,0
DA:176,0
DA:178,0
DA:180,0
DA:183,0
DA:184,0
DA:185,0
DA:187,0
DA:188,0
BRF:0
BRH:0
LF:102
LH:0
end_of_record
SF:/home/balaji/RustroverProjects/Titan/src/servers/injest_server.rs
FN:92,_RNCNCNCNvXs_NtNtCsI6NLFzJnY4_5poros7servers13injest_serverNtBa_12InjestServerNtNtBc_6server11PorosServer16bootstrap_server000Be_
FN:121,_RNCNCNvXs_NtNtCsI6NLFzJnY4_5poros7servers13injest_serverNtB8_12InjestServerNtNtBa_6server11PorosServer12start_server00Bc_
FN:88,_RNCNCNvXs_NtNtCsI6NLFzJnY4_5poros7servers13injest_serverNtB8_12InjestServerNtNtBa_6server11PorosServer16bootstrap_server00Bc_
FN:98,_RNCNCNvXs_NtNtCsI6NLFzJnY4_5poros7servers13injest_serverNtB8_12InjestServerNtNtBa_6server11PorosServer16bootstrap_server0s_0Bc_
FN:32,_RNCNvMNtNtCsI6NLFzJnY4_5poros7servers13injest_serverNtB4_12InjestServer5start0B8_
FN:143,_RNCNvMs0_NtNtCsI6NLFzJnY4_5poros7servers13injest_serverNtB7_12InjestServer16shutdown_handler0Bb_
FN:43,_RNCNvNtNtCsI6NLFzJnY4_5poros7servers13injest_server26get_flight_server_endpoint0B7_
FN:117,_RNCNvXs_NtNtCsI6NLFzJnY4_5poros7servers13injest_serverNtB6_12InjestServerNtNtB8_6server11PorosServer12start_server0Ba_
FN:76,_RNCNvXs_NtNtCsI6NLFzJnY4_5poros7servers13injest_serverNtB6_12InjestServerNtNtB8_6server11PorosServer16bootstrap_server0Ba_
FN:19,_RNvMNtNtCsI6NLFzJnY4_5poros7servers13injest_serverNtB2_12InjestServer3new
FN:32,_RNvMNtNtCsI6NLFzJnY4_5poros7servers13injest_serverNtB2_12InjestServer5start
FN:143,_RNvMs0_NtNtCsI6NLFzJnY4_5poros7servers13injest_serverNtB5_12InjestServer16shutdown_handler
FN:37,_RNvNtNtCsI6NLFzJnY4_5poros7servers13injest_server26get_flight_server_endpoint
FN:114,_RNvXs_NtNtCsI6NLFzJnY4_5poros7servers13injest_serverNtB4_12InjestServerNtNtB6_6server11PorosServer12start_server
FN:63,_RNvXs_NtNtCsI6NLFzJnY4_5poros7servers13injest_serverNtB4_12InjestServerNtNtB6_6server11PorosServer16bootstrap_server
FN:56,_RNvXs_NtNtCsI6NLFzJnY4_5poros7servers13injest_serverNtB4_12InjestServerNtNtB6_6server11PorosServer16configure_routes
FNDA:0,_RNCNCNCNvXs_NtNtCsI6NLFzJnY4_5poros7servers13injest_serverNtBa_12InjestServerNtNtBc_6server11PorosServer16bootstrap_server000Be_
FNDA:0,_RNCNCNvXs_NtNtCsI6NLFzJnY4_5poros7servers13injest_serverNtB8_12InjestServerNtNtBa_6server11PorosServer12start_server00Bc_
FNDA:0,_RNCNCNvXs_NtNtCsI6NLFzJnY4_5poros7servers13injest_serverNtB8_12InjestServerNtNtBa_6server11PorosServer16bootstrap_server00Bc_
FNDA:0,_RNCNCNvXs_NtNtCsI6NLFzJnY4_5poros7servers13injest_serverNtB8_12InjestServerNtNtBa_6server11PorosServer16bootstrap_server0s_0Bc_
FNDA:0,_RNCNvMNtNtCsI6NLFzJnY4_5poros7servers13injest_serverNtB4_12InjestServer5start0B8_
FNDA:0,_RNCNvMs0_NtNtCsI6NLFzJnY4_5poros7servers13injest_serverNtB7_12InjestServer16shutdown_handler0Bb_
FNDA:0,_RNCNvNtNtCsI6NLFzJnY4_5poros7servers13injest_server26get_flight_server_endpoint0B7_
FNDA:0,_RNCNvXs_NtNtCsI6NLFzJnY4_5poros7servers13injest_serverNtB6_12InjestServerNtNtB8_6server11PorosServer12start_server0Ba_
FNDA:0,_RNCNvXs_NtNtCsI6NLFzJnY4_5poros7servers13injest_serverNtB6_12InjestServerNtNtB8_6server11PorosServer16bootstrap_server0Ba_
FNDA:0,_RNvMNtNtCsI6NLFzJnY4_5poros7servers13injest_serverNtB2_12InjestServer3new
FNDA:0,_RNvMNtNtCsI6NLFzJnY4_5poros7servers13injest_serverNtB2_12InjestServer5start
FNDA:0,_RNvMs0_NtNtCsI6NLFzJnY4_5poros7servers13injest_serverNtB5_12InjestServer16shutdown_handler
FNDA:0,_RNvNtNtCsI6NLFzJnY4_5poros7servers13injest_server26get_flight_server_endpoint
FNDA:0,_RNvXs_NtNtCsI6NLFzJnY4_5poros7servers13injest_serverNtB4_12InjestServerNtNtB6_6server11PorosServer12start_server
FNDA:0,_RNvXs_NtNtCsI6NLFzJnY4_5poros7servers13injest_serverNtB4_12InjestServerNtNtB6_6server11PorosServer16bootstrap_server
FNDA:0,_RNvXs_NtNtCsI6NLFzJnY4_5poros7servers13injest_serverNtB4_12InjestServerNtNtB6_6server11PorosServer16configure_routes
FNF:16
FNH:0
DA:19,0
DA:20,0
DA:21,0
DA:22,0
DA:23,0
DA:24,0
DA:25,0
DA:26,0
DA:27,0
DA:28,0
DA:29,0
DA:30,0
DA:32,0
DA:33,0
DA:34,0
DA:37,0
DA:38,0
DA:39,0
DA:41,0
DA:42,0
DA:43,0
DA:44,0
DA:45,0
DA:46,0
DA:49,0
DA:50,0
DA:51,0
DA:56,0
DA:57,0
DA:58,0
DA:60,0
DA:63,0
DA:64,0
DA:65,0
DA:66,0
DA:67,0
DA:68,0
DA:69,0
DA:70,0
DA:71,0
DA:72,0
DA:73,0
DA:74,0
DA:75,0
DA:76,0
DA:77,0
DA:78,0
DA:79,0
DA:81,0
DA:82,0
DA:83,0
DA:84,0
DA:85,0
DA:88,0
DA:89,0
DA:90,0
DA:92,0
DA:93,0
DA:94,0
DA:95,0
DA:98,0
DA:99,0
DA:100,0
DA:101,0
DA:103,0
DA:104,0
DA:105,0
DA:106,0
DA:107,0
DA:108,0
DA:109,0
DA:110,0
DA:111,0
DA:112,0
DA:114,0
DA:115,0
DA:116,0
DA:117,0
DA:118,0
DA:119,0
DA:120,0
DA:121,0
DA:122,0
DA:123,0
DA:124,0
DA:126,0
DA:127,0
DA:130,0
DA:143,0
DA:144,0
DA:145,0
DA:146,0
BRF:0
BRH:0
LF:99
LH:0
end_of_record
SF:/home/balaji/RustroverProjects/Titan/src/servers/query_server.rs
FN:82,_RNCNCNCNvXNtNtCsI6NLFzJnY4_5poros7servers12query_serverNtB8_11QueryServerNtNtBa_6server11PorosServer16bootstrap_server0s0_00Bc_
FN:64,_RNCNCNvXNtNtCsI6NLFzJnY4_5poros7servers12query_serverNtB6_11QueryServerNtNtB8_6server11PorosServer16bootstrap_server00Ba_
FN:81,_RNCNCNvXNtNtCsI6NLFzJnY4_5poros7servers12query_serverNtB6_11QueryServerNtNtB8_6server11PorosServer16bootstrap_server0s0_0Ba_
FN:77,_RNCNCNvXNtNtCsI6NLFzJnY4_5poros7servers12query_serverNtB6_11QueryServerNtNtB8_6server11PorosServer16bootstrap_server0s_0Ba_
FN:120,_RNCNvNtNtCsI6NLFzJnY4_5poros7servers12query_server13shutdown_hook0B7_
FN:149,_RNCNvNtNtCsI6NLFzJnY4_5poros7servers12query_server27block_until_shutdown_signal0B7_
FN:106,_RNCNvXNtNtCsI6NLFzJnY4_5poros7servers12query_serverNtB4_11QueryServerNtNtB6_6server11PorosServer12start_server0B8_
FN:59,_RNCNvXNtNtCsI6NLFzJnY4_5poros7servers12query_serverNtB4_11QueryServerNtNtB6_6server11PorosServer16bootstrap_server0B8_
FN:120,_RNvNtNtCsI6NLFzJnY4_5poros7servers12query_server13shutdown_hook
FN:115,_RNvNtNtCsI6NLFzJnY4_5poros7servers12query_server15create_listener
FN:149,_RNvNtNtCsI6NLFzJnY4_5poros7servers12query_server27block_until_shutdown_signal
FN:103,_RNvXNtNtCsI6NLFzJnY4_5poros7servers12query_serverNtB2_11QueryServerNtNtB4_6server11PorosServer12start_server
FN:46,_RNvXNtNtCsI6NLFzJnY4_5poros7servers12query_serverNtB2_11QueryServerNtNtB4_6server11PorosServer16bootstrap_server
FN:28,_RNvXNtNtCsI6NLFzJnY4_5poros7servers12query_serverNtB2_11QueryServerNtNtB4_6server11PorosServer16configure_routes
FNDA:0,_RNCNCNCNvXNtNtCsI6NLFzJnY4_5poros7servers12query_serverNtB8_11QueryServerNtNtBa_6server11PorosServer16bootstrap_server0s0_00Bc_
FNDA:0,_RNCNCNvXNtNtCsI6NLFzJnY4_5poros7servers12query_serverNtB6_11QueryServerNtNtB8_6server11PorosServer16bootstrap_server00Ba_
FNDA:0,_RNCNCNvXNtNtCsI6NLFzJnY4_5poros7servers12query_serverNtB6_11QueryServerNtNtB8_6server11PorosServer16bootstrap_server0s0_0Ba_
FNDA:0,_RNCNCNvXNtNtCsI6NLFzJnY4_5poros7servers12query_serverNtB6_11QueryServerNtNtB8_6server11PorosServer16bootstrap_server0s_0Ba_
FNDA:0,_RNCNvNtNtCsI6NLFzJnY4_5poros7servers12query_server13shutdown_hook0B7_
FNDA:0,_RNCNvNtNtCsI6NLFzJnY4_5poros7servers12query_server27block_until_shutdown_signal0B7_
FNDA:0,_RNCNvXNtNtCsI6NLFzJnY4_5poros7servers12query_serverNtB4_11QueryServerNtNtB6_6server11PorosServer12start_server0B8_
FNDA:0,_RNCNvXNtNtCsI6NLFzJnY4_5poros7servers12query_serverNtB4_11QueryServerNtNtB6_6server11PorosServer16bootstrap_server0B8_
FNDA:0,_RNvNtNtCsI6NLFzJnY4_5poros7servers12query_server13shutdown_hook
FNDA:0,_RNvNtNtCsI6NLFzJnY4_5poros7servers12query_server15create_listener
FNDA:0,_RNvNtNtCsI6NLFzJnY4_5poros7servers12query_server27block_until_shutdown_signal
FNDA:0,_RNvXNtNtCsI6NLFzJnY4_5poros7servers12query_serverNtB2_11QueryServerNtNtB4_6server11PorosServer12start_server
FNDA:0,_RNvXNtNtCsI6NLFzJnY4_5poros7servers12query_serverNtB2_11QueryServerNtNtB4_6server11PorosServer16bootstrap_server
FNDA:0,_RNvXNtNtCsI6NLFzJnY4_5poros7servers12query_serverNtB2_11QueryServerNtNtB4_6server11PorosServer16configure_routes
FNF:14
FNH:0
DA:28,0
DA:29,0
DA:30,0
DA:32,0
DA:33,0
DA:34,0
DA:35,0
DA:36,0
DA:37,0
DA:38,0
DA:39,0
DA:40,0
DA:41,0
DA:42,0
DA:44,0
DA:46,0
DA:47,0
DA:48,0
DA:49,0
DA:50,0
DA:51,0
DA:52,0
DA:53,0
DA:54,0
DA:55,0
DA:56,0
DA:57,0
DA:58,0
DA:59,0
DA:60,0
DA:61,0
DA:62,0
DA:63,0
DA:64,0
DA:65,0
DA:66,0
DA:67,0
DA:68,0
DA:69,0
DA:70,0
DA:71,0
DA:72,0
DA:73,0
DA:75,0
DA:77,0
DA:78,0
DA:79,0
DA:81,0
DA:82,0
DA:83,0
DA:84,0
DA:85,0
DA:86,0
DA:88,0
DA:89,0
DA:90,0
DA:92,0
DA:93,0
DA:94,0
DA:95,0
DA:97,0
DA:98,0
DA:101,0
DA:103,0
DA:104,0
DA:105,0
DA:106,0
DA:107,0
DA:108,0
DA:109,0
DA:110,0
DA:111,0
DA:112,0
DA:115,0
DA:116,0
DA:117,0
DA:118,0
DA:120,0
DA:121,0
DA:122,0
DA:123,0
DA:126,0
DA:149,0
DA:152,0
DA:153,0
DA:155,0
DA:156,0
DA:157,0
DA:159,0
BRF:0
BRH:0
LF:95
LH:0
end_of_record
SF:/home/balaji/RustroverProjects/Titan/src/version.rs
FN:5,_RNvNtCsI6NLFzJnY4_5poros7version13print_version
FN:1,_RNvNtCsI6NLFzJnY4_5poros7version7version
FNDA:0,_RNvNtCsI6NLFzJnY4_5poros7version13print_version
FNDA:0,_RNvNtCsI6NLFzJnY4_5poros7version7version
FNF:2
FNH:0
DA:1,0
DA:2,0
DA:3,0
DA:5,0
DA:6,0
DA:7,0
BRF:0
BRH:0
LF:6
LH:0
end_of_record